2021-09-18 18:41:07.921  INFO 35496 --- [main] fr.dsirc.demo.batch.DemoJobApplication   : Starting DemoJobApplication using Java 11.0.9 on nicolas-XPS-15-9570 with PID 35496 (/home/nicolas/IdeaProjects/demo/demo-job/target/classes started by nicolas in /home/nicolas/IdeaProjects/demo)
2021-09-18 18:41:07.936  INFO 35496 --- [main] fr.dsirc.demo.batch.DemoJobApplication   : No active profile set, falling back to default profiles: default
2021-09-18 18:41:08.531  INFO 35496 --- [main] .s.d.r.c.RepositoryConfigurationDelegate : Bootstrapping Spring Data JPA repositories in DEFAULT mode.
2021-09-18 18:41:08.570  INFO 35496 --- [main] .s.d.r.c.RepositoryConfigurationDelegate : Finished Spring Data repository scanning in 34 ms. Found 1 JPA repository interfaces.
2021-09-18 18:41:08.987  INFO 35496 --- [main] faultConfiguringBeanFactoryPostProcessor : No bean named 'errorChannel' has been explicitly defined. Therefore, a default PublishSubscribeChannel will be created.
2021-09-18 18:41:08.992  INFO 35496 --- [main] faultConfiguringBeanFactoryPostProcessor : No bean named 'integrationHeaderChannelRegistry' has been explicitly defined. Therefore, a default DefaultHeaderChannelRegistry will be created.
2021-09-18 18:41:09.053  INFO 35496 --- [main] trationDelegate$BeanPostProcessorChecker : Bean 'org.springframework.integration.config.IntegrationManagementConfiguration' of type [org.springframework.integration.config.IntegrationManagementConfiguration] is not eligible for getting processed by all BeanPostProcessors (for example: not eligible for auto-proxying)
2021-09-18 18:41:09.057  INFO 35496 --- [main] trationDelegate$BeanPostProcessorChecker : Bean 'integrationChannelResolver' of type [org.springframework.integration.support.channel.BeanFactoryChannelResolver] is not eligible for getting processed by all BeanPostProcessors (for example: not eligible for auto-proxying)
2021-09-18 18:41:09.058  INFO 35496 --- [main] trationDelegate$BeanPostProcessorChecker : Bean 'integrationDisposableAutoCreatedBeans' of type [org.springframework.integration.config.annotation.Disposables] is not eligible for getting processed by all BeanPostProcessors (for example: not eligible for auto-proxying)
2021-09-18 18:41:09.074  INFO 35496 --- [main] trationDelegate$BeanPostProcessorChecker : Bean 'org.springframework.cloud.task.batch.configuration.TaskBatchAutoConfiguration' of type [org.springframework.cloud.task.batch.configuration.TaskBatchAutoConfiguration$$EnhancerBySpringCGLIB$$1dad62b2] is not eligible for getting processed by all BeanPostProcessors (for example: not eligible for auto-proxying)
2021-09-18 18:41:09.079  INFO 35496 --- [main] trationDelegate$BeanPostProcessorChecker : Bean 'org.springframework.cloud.task.batch.listener.BatchEventAutoConfiguration' of type [org.springframework.cloud.task.batch.listener.BatchEventAutoConfiguration$$EnhancerBySpringCGLIB$$66036cb5] is not eligible for getting processed by all BeanPostProcessors (for example: not eligible for auto-proxying)
2021-09-18 18:41:09.209  INFO 35496 --- [main] o.s.b.w.embedded.tomcat.TomcatWebServer  : Tomcat initialized with port(s): 8080 (http)
2021-09-18 18:41:09.215  INFO 35496 --- [main] o.apache.catalina.core.StandardService   : Starting service [Tomcat]
2021-09-18 18:41:09.215  INFO 35496 --- [main] org.apache.catalina.core.StandardEngine  : Starting Servlet engine: [Apache Tomcat/9.0.52]
2021-09-18 18:41:09.262  INFO 35496 --- [main] o.a.c.c.C.[Tomcat].[localhost].[/]       : Initializing Spring embedded WebApplicationContext
2021-09-18 18:41:09.263  INFO 35496 --- [main] w.s.c.ServletWebServerApplicationContext : Root WebApplicationContext: initialization completed in 1303 ms
2021-09-18 18:41:09.415  INFO 35496 --- [main] com.zaxxer.hikari.HikariDataSource       : HikariPool-1 - Starting...
2021-09-18 18:41:09.462  INFO 35496 --- [main] com.zaxxer.hikari.HikariDataSource       : HikariPool-1 - Start completed.
2021-09-18 18:41:09.514  INFO 35496 --- [main] o.hibernate.jpa.internal.util.LogHelper  : HHH000204: Processing PersistenceUnitInfo [name: default]
2021-09-18 18:41:09.539  INFO 35496 --- [main] org.hibernate.Version                    : HHH000412: Hibernate ORM core version 5.4.32.Final
2021-09-18 18:41:09.600  INFO 35496 --- [main] o.hibernate.annotations.common.Version   : HCANN000001: Hibernate Commons Annotations {5.1.2.Final}
2021-09-18 18:41:09.661  INFO 35496 --- [main] org.hibernate.dialect.Dialect            : HHH000400: Using dialect: org.hibernate.dialect.PostgreSQLDialect
2021-09-18 18:41:10.051  WARN 35496 --- [main] o.h.engine.jdbc.spi.SqlExceptionHelper   : SQL Warning Code: 0, SQLState: 00000
2021-09-18 18:41:10.051  WARN 35496 --- [main] o.h.engine.jdbc.spi.SqlExceptionHelper   : table "addresses" does not exist, skipping
2021-09-18 18:41:10.052  WARN 35496 --- [main] o.h.engine.jdbc.spi.SqlExceptionHelper   : SQL Warning Code: 0, SQLState: 00000
2021-09-18 18:41:10.052  WARN 35496 --- [main] o.h.engine.jdbc.spi.SqlExceptionHelper   : table "individuals" does not exist, skipping
2021-09-18 18:41:10.052  WARN 35496 --- [main] o.h.engine.jdbc.spi.SqlExceptionHelper   : SQL Warning Code: 0, SQLState: 00000
2021-09-18 18:41:10.052  WARN 35496 --- [main] o.h.engine.jdbc.spi.SqlExceptionHelper   : table "pensions" does not exist, skipping
2021-09-18 18:41:10.052  WARN 35496 --- [main] o.h.engine.jdbc.spi.SqlExceptionHelper   : SQL Warning Code: 0, SQLState: 00000
2021-09-18 18:41:10.052  WARN 35496 --- [main] o.h.engine.jdbc.spi.SqlExceptionHelper   : sequence "addresses_seq" does not exist, skipping
2021-09-18 18:41:10.053  WARN 35496 --- [main] o.h.engine.jdbc.spi.SqlExceptionHelper   : SQL Warning Code: 0, SQLState: 00000
2021-09-18 18:41:10.053  WARN 35496 --- [main] o.h.engine.jdbc.spi.SqlExceptionHelper   : sequence "individuals_seq" does not exist, skipping
2021-09-18 18:41:10.053  WARN 35496 --- [main] o.h.engine.jdbc.spi.SqlExceptionHelper   : SQL Warning Code: 0, SQLState: 00000
2021-09-18 18:41:10.053  WARN 35496 --- [main] o.h.engine.jdbc.spi.SqlExceptionHelper   : sequence "pensions_seq" does not exist, skipping
2021-09-18 18:41:10.096  INFO 35496 --- [main] o.h.e.t.j.p.i.JtaPlatformInitiator       : HHH000490: Using JtaPlatform implementation: [org.hibernate.engine.transaction.jta.platform.internal.NoJtaPlatform]
2021-09-18 18:41:10.115  INFO 35496 --- [main] j.LocalContainerEntityManagerFactoryBean : Initialized JPA EntityManagerFactory for persistence unit 'default'
2021-09-18 18:41:10.542  WARN 35496 --- [main] JpaBaseConfiguration$JpaWebConfiguration : spring.jpa.open-in-view is enabled by default. Therefore, database queries may be performed during view rendering. Explicitly configure spring.jpa.open-in-view to disable this warning
2021-09-18 18:41:10.680  INFO 35496 --- [main] o.s.b.a.e.web.EndpointLinksResolver      : Exposing 16 endpoint(s) beneath base path '/actuator'
2021-09-18 18:41:10.769  WARN 35496 --- [main] o.s.b.c.l.AbstractListenerFactoryBean    : org.springframework.batch.item.ItemProcessor is an interface. The implementing class will not be queried for annotation based listener configurations. If using @StepScope on a @Bean method, be sure to return the implementing class so listener annotations can be used.
2021-09-18 18:41:10.795  INFO 35496 --- [main] pertySourcedRequestMappingHandlerMapping : Mapped URL path [/v2/api-docs] onto method [springfox.documentation.swagger2.web.Swagger2Controller#getDocumentation(String, HttpServletRequest)]
2021-09-18 18:41:10.980  WARN 35496 --- [main] o.s.b.a.batch.JpaBatchConfigurer         : JPA does not support custom isolation levels, so locks may not be taken when launching Jobs
2021-09-18 18:41:10.981  INFO 35496 --- [main] o.s.b.c.r.s.JobRepositoryFactoryBean     : No database type set, using meta data indicating: POSTGRES
2021-09-18 18:41:10.989  INFO 35496 --- [main] o.s.b.c.l.support.SimpleJobLauncher      : No TaskExecutor has been set, defaulting to synchronous executor.
2021-09-18 18:41:11.080  INFO 35496 --- [main] o.s.i.endpoint.EventDrivenConsumer       : Adding {logging-channel-adapter:_org.springframework.integration.errorLogger} as a subscriber to the 'errorChannel' channel
2021-09-18 18:41:11.081  INFO 35496 --- [main] o.s.i.channel.PublishSubscribeChannel    : Channel 'application.errorChannel' has 1 subscriber(s).
2021-09-18 18:41:11.081  INFO 35496 --- [main] o.s.i.endpoint.EventDrivenConsumer       : started bean '_org.springframework.integration.errorLogger'
2021-09-18 18:41:11.176  WARN 35496 --- [main] ConfigServletWebServerApplicationContext : Exception encountered during context initialization - cancelling refresh attempt: org.springframework.context.ApplicationContextException: Failed to start bean 'webServerStartStop'; nested exception is org.springframework.boot.web.server.PortInUseException: Port 8080 is already in use
2021-09-18 18:41:11.176  INFO 35496 --- [main] o.s.i.endpoint.EventDrivenConsumer       : Removing {logging-channel-adapter:_org.springframework.integration.errorLogger} as a subscriber to the 'errorChannel' channel
2021-09-18 18:41:11.177  INFO 35496 --- [main] o.s.i.channel.PublishSubscribeChannel    : Channel 'application.errorChannel' has 0 subscriber(s).
2021-09-18 18:41:11.177  INFO 35496 --- [main] o.s.i.endpoint.EventDrivenConsumer       : stopped bean '_org.springframework.integration.errorLogger'
2021-09-18 18:41:11.181  INFO 35496 --- [main] j.LocalContainerEntityManagerFactoryBean : Closing JPA EntityManagerFactory for persistence unit 'default'
2021-09-18 18:41:11.198  INFO 35496 --- [main] com.zaxxer.hikari.HikariDataSource       : HikariPool-1 - Shutdown initiated...
2021-09-18 18:41:11.202  INFO 35496 --- [main] com.zaxxer.hikari.HikariDataSource       : HikariPool-1 - Shutdown completed.
2021-09-18 18:41:11.204  INFO 35496 --- [main] o.apache.catalina.core.StandardService   : Stopping service [Tomcat]
2021-09-18 18:41:11.213  WARN 35496 --- [main] o.s.b.c.e.EventPublishingRunListener     : Error calling ApplicationEventListener

org.springframework.transaction.CannotCreateTransactionException: Could not open JPA EntityManager for transaction; nested exception is java.lang.IllegalStateException: EntityManagerFactory is closed
	at org.springframework.orm.jpa.JpaTransactionManager.doBegin(JpaTransactionManager.java:467) ~[spring-orm-5.3.9.jar:5.3.9]
	at org.springframework.transaction.support.AbstractPlatformTransactionManager.startTransaction(AbstractPlatformTransactionManager.java:400) ~[spring-tx-5.3.9.jar:5.3.9]
	at org.springframework.transaction.support.AbstractPlatformTransactionManager.getTransaction(AbstractPlatformTransactionManager.java:373) ~[spring-tx-5.3.9.jar:5.3.9]
	at org.springframework.transaction.interceptor.TransactionAspectSupport.createTransactionIfNecessary(TransactionAspectSupport.java:595) ~[spring-tx-5.3.9.jar:5.3.9]
	at org.springframework.transaction.interceptor.TransactionAspectSupport.invokeWithinTransaction(TransactionAspectSupport.java:382) ~[spring-tx-5.3.9.jar:5.3.9]
	at org.springframework.transaction.interceptor.TransactionInterceptor.invoke(TransactionInterceptor.java:119) ~[spring-tx-5.3.9.jar:5.3.9]
	at org.springframework.aop.framework.ReflectiveMethodInvocation.proceed(ReflectiveMethodInvocation.java:186) ~[spring-aop-5.3.9.jar:5.3.9]
	at org.springframework.aop.framework.CglibAopProxy$CglibMethodInvocation.proceed(CglibAopProxy.java:750) ~[spring-aop-5.3.9.jar:5.3.9]
	at org.springframework.aop.framework.CglibAopProxy$DynamicAdvisedInterceptor.intercept(CglibAopProxy.java:692) ~[spring-aop-5.3.9.jar:5.3.9]
	at org.springframework.cloud.task.repository.support.SimpleTaskRepository$$EnhancerBySpringCGLIB$$5ebe2e74.completeTaskExecution(<generated>) ~[spring-cloud-task-core-2.3.2.jar:2.3.2]
	at org.springframework.cloud.task.listener.TaskLifecycleListener.doTaskEnd(TaskLifecycleListener.java:201) ~[spring-cloud-task-core-2.3.2.jar:2.3.2]
	at org.springframework.cloud.task.listener.TaskLifecycleListener.onApplicationEvent(TaskLifecycleListener.java:166) ~[spring-cloud-task-core-2.3.2.jar:2.3.2]
	at org.springframework.context.event.SimpleApplicationEventMulticaster.doInvokeListener(SimpleApplicationEventMulticaster.java:176) ~[spring-context-5.3.9.jar:5.3.9]
	at org.springframework.context.event.SimpleApplicationEventMulticaster.invokeListener(SimpleApplicationEventMulticaster.java:162) ~[spring-context-5.3.9.jar:5.3.9]
	at org.springframework.context.event.SimpleApplicationEventMulticaster.multicastEvent(SimpleApplicationEventMulticaster.java:143) ~[spring-context-5.3.9.jar:5.3.9]
	at org.springframework.context.event.SimpleApplicationEventMulticaster.multicastEvent(SimpleApplicationEventMulticaster.java:131) ~[spring-context-5.3.9.jar:5.3.9]
	at org.springframework.boot.context.event.EventPublishingRunListener.failed(EventPublishingRunListener.java:133) ~[spring-boot-2.5.4.jar:2.5.4]
	at org.springframework.boot.SpringApplicationRunListeners.callFailedListener(SpringApplicationRunListeners.java:93) ~[spring-boot-2.5.4.jar:2.5.4]
	at org.springframework.boot.SpringApplicationRunListeners.lambda$failed$7(SpringApplicationRunListeners.java:84) ~[spring-boot-2.5.4.jar:2.5.4]
	at java.base/java.util.ArrayList.forEach(ArrayList.java:1541) ~[na:na]
	at org.springframework.boot.SpringApplicationRunListeners.doWithListeners(SpringApplicationRunListeners.java:117) ~[spring-boot-2.5.4.jar:2.5.4]
	at org.springframework.boot.SpringApplicationRunListeners.failed(SpringApplicationRunListeners.java:83) ~[spring-boot-2.5.4.jar:2.5.4]
	at org.springframework.boot.SpringApplication.handleRunFailure(SpringApplication.java:804) ~[spring-boot-2.5.4.jar:2.5.4]
	at org.springframework.boot.SpringApplication.run(SpringApplication.java:348) ~[spring-boot-2.5.4.jar:2.5.4]
	at org.springframework.boot.SpringApplication.run(SpringApplication.java:1343) ~[spring-boot-2.5.4.jar:2.5.4]
	at org.springframework.boot.SpringApplication.run(SpringApplication.java:1332) ~[spring-boot-2.5.4.jar:2.5.4]
	at fr.dsirc.demo.batch.DemoJobApplication.main(DemoJobApplication.java:11) ~[classes/:na]
Caused by: java.lang.IllegalStateException: EntityManagerFactory is closed
	at org.hibernate.internal.SessionFactoryImpl.validateNotClosed(SessionFactoryImpl.java:530) ~[hibernate-core-5.4.32.Final.jar:5.4.32.Final]
	at org.hibernate.internal.SessionFactoryImpl.createEntityManager(SessionFactoryImpl.java:609) ~[hibernate-core-5.4.32.Final.jar:5.4.32.Final]
	at org.hibernate.internal.SessionFactoryImpl.createEntityManager(SessionFactoryImpl.java:156) ~[hibernate-core-5.4.32.Final.jar:5.4.32.Final]
	at org.springframework.orm.jpa.AbstractEntityManagerFactoryBean.createNativeEntityManager(AbstractEntityManagerFactoryBean.java:585) ~[spring-orm-5.3.9.jar:5.3.9]
	at java.base/jdk.internal.reflect.NativeMethodAccessorImpl.invoke0(Native Method) ~[na:na]
	at java.base/jdk.internal.reflect.NativeMethodAccessorImpl.invoke(NativeMethodAccessorImpl.java:62) ~[na:na]
	at java.base/jdk.internal.reflect.DelegatingMethodAccessorImpl.invoke(DelegatingMethodAccessorImpl.java:43) ~[na:na]
	at java.base/java.lang.reflect.Method.invoke(Method.java:566) ~[na:na]
	at org.springframework.orm.jpa.AbstractEntityManagerFactoryBean.invokeProxyMethod(AbstractEntityManagerFactoryBean.java:487) ~[spring-orm-5.3.9.jar:5.3.9]
	at org.springframework.orm.jpa.AbstractEntityManagerFactoryBean$ManagedEntityManagerFactoryInvocationHandler.invoke(AbstractEntityManagerFactoryBean.java:734) ~[spring-orm-5.3.9.jar:5.3.9]
	at com.sun.proxy.$Proxy120.createNativeEntityManager(Unknown Source) ~[na:na]
	at org.springframework.orm.jpa.JpaTransactionManager.createEntityManagerForTransaction(JpaTransactionManager.java:485) ~[spring-orm-5.3.9.jar:5.3.9]
	at org.springframework.orm.jpa.JpaTransactionManager.doBegin(JpaTransactionManager.java:410) ~[spring-orm-5.3.9.jar:5.3.9]
	... 26 common frames omitted

2021-09-18 18:41:11.221  INFO 35496 --- [main] ConditionEvaluationReportLoggingListener : 

Error starting ApplicationContext. To display the conditions report re-run your application with 'debug' enabled.
2021-09-18 18:41:11.235 ERROR 35496 --- [main] o.s.b.d.LoggingFailureAnalysisReporter   : 

***************************
APPLICATION FAILED TO START
***************************

Description:

Web server failed to start. Port 8080 was already in use.

Action:

Identify and stop the process that's listening on port 8080 or configure this application to listen on another port.

2021-09-18 18:42:12.464  INFO 35839 --- [main] fr.dsirc.demo.batch.DemoJobApplication   : Starting DemoJobApplication using Java 11.0.9 on nicolas-XPS-15-9570 with PID 35839 (/home/nicolas/IdeaProjects/demo/demo-job/target/classes started by nicolas in /home/nicolas/IdeaProjects/demo)
2021-09-18 18:42:12.467  INFO 35839 --- [main] fr.dsirc.demo.batch.DemoJobApplication   : No active profile set, falling back to default profiles: default
2021-09-18 18:42:13.147  INFO 35839 --- [main] .s.d.r.c.RepositoryConfigurationDelegate : Bootstrapping Spring Data JPA repositories in DEFAULT mode.
2021-09-18 18:42:13.197  INFO 35839 --- [main] .s.d.r.c.RepositoryConfigurationDelegate : Finished Spring Data repository scanning in 44 ms. Found 1 JPA repository interfaces.
2021-09-18 18:42:13.594  INFO 35839 --- [main] faultConfiguringBeanFactoryPostProcessor : No bean named 'errorChannel' has been explicitly defined. Therefore, a default PublishSubscribeChannel will be created.
2021-09-18 18:42:13.600  INFO 35839 --- [main] faultConfiguringBeanFactoryPostProcessor : No bean named 'integrationHeaderChannelRegistry' has been explicitly defined. Therefore, a default DefaultHeaderChannelRegistry will be created.
2021-09-18 18:42:13.662  INFO 35839 --- [main] trationDelegate$BeanPostProcessorChecker : Bean 'org.springframework.integration.config.IntegrationManagementConfiguration' of type [org.springframework.integration.config.IntegrationManagementConfiguration] is not eligible for getting processed by all BeanPostProcessors (for example: not eligible for auto-proxying)
2021-09-18 18:42:13.666  INFO 35839 --- [main] trationDelegate$BeanPostProcessorChecker : Bean 'integrationChannelResolver' of type [org.springframework.integration.support.channel.BeanFactoryChannelResolver] is not eligible for getting processed by all BeanPostProcessors (for example: not eligible for auto-proxying)
2021-09-18 18:42:13.667  INFO 35839 --- [main] trationDelegate$BeanPostProcessorChecker : Bean 'integrationDisposableAutoCreatedBeans' of type [org.springframework.integration.config.annotation.Disposables] is not eligible for getting processed by all BeanPostProcessors (for example: not eligible for auto-proxying)
2021-09-18 18:42:13.684  INFO 35839 --- [main] trationDelegate$BeanPostProcessorChecker : Bean 'org.springframework.cloud.task.batch.configuration.TaskBatchAutoConfiguration' of type [org.springframework.cloud.task.batch.configuration.TaskBatchAutoConfiguration$$EnhancerBySpringCGLIB$$23f4db1f] is not eligible for getting processed by all BeanPostProcessors (for example: not eligible for auto-proxying)
2021-09-18 18:42:13.689  INFO 35839 --- [main] trationDelegate$BeanPostProcessorChecker : Bean 'org.springframework.cloud.task.batch.listener.BatchEventAutoConfiguration' of type [org.springframework.cloud.task.batch.listener.BatchEventAutoConfiguration$$EnhancerBySpringCGLIB$$6c4ae522] is not eligible for getting processed by all BeanPostProcessors (for example: not eligible for auto-proxying)
2021-09-18 18:42:13.809  INFO 35839 --- [main] o.s.b.w.embedded.tomcat.TomcatWebServer  : Tomcat initialized with port(s): 8080 (http)
2021-09-18 18:42:13.815  INFO 35839 --- [main] o.apache.catalina.core.StandardService   : Starting service [Tomcat]
2021-09-18 18:42:13.815  INFO 35839 --- [main] org.apache.catalina.core.StandardEngine  : Starting Servlet engine: [Apache Tomcat/9.0.52]
2021-09-18 18:42:13.872  INFO 35839 --- [main] o.a.c.c.C.[Tomcat].[localhost].[/]       : Initializing Spring embedded WebApplicationContext
2021-09-18 18:42:13.872  INFO 35839 --- [main] w.s.c.ServletWebServerApplicationContext : Root WebApplicationContext: initialization completed in 1360 ms
2021-09-18 18:42:14.019  INFO 35839 --- [main] com.zaxxer.hikari.HikariDataSource       : HikariPool-1 - Starting...
2021-09-18 18:42:14.061  INFO 35839 --- [main] com.zaxxer.hikari.HikariDataSource       : HikariPool-1 - Start completed.
2021-09-18 18:42:14.110  INFO 35839 --- [main] o.hibernate.jpa.internal.util.LogHelper  : HHH000204: Processing PersistenceUnitInfo [name: default]
2021-09-18 18:42:14.133  INFO 35839 --- [main] org.hibernate.Version                    : HHH000412: Hibernate ORM core version 5.4.32.Final
2021-09-18 18:42:14.192  INFO 35839 --- [main] o.hibernate.annotations.common.Version   : HCANN000001: Hibernate Commons Annotations {5.1.2.Final}
2021-09-18 18:42:14.248  INFO 35839 --- [main] org.hibernate.dialect.Dialect            : HHH000400: Using dialect: org.hibernate.dialect.PostgreSQLDialect
2021-09-18 18:42:14.617  WARN 35839 --- [main] o.h.engine.jdbc.spi.SqlExceptionHelper   : SQL Warning Code: 0, SQLState: 00000
2021-09-18 18:42:14.617  WARN 35839 --- [main] o.h.engine.jdbc.spi.SqlExceptionHelper   : table "addresses" does not exist, skipping
2021-09-18 18:42:14.618  WARN 35839 --- [main] o.h.engine.jdbc.spi.SqlExceptionHelper   : SQL Warning Code: 0, SQLState: 00000
2021-09-18 18:42:14.618  WARN 35839 --- [main] o.h.engine.jdbc.spi.SqlExceptionHelper   : table "individuals" does not exist, skipping
2021-09-18 18:42:14.618  WARN 35839 --- [main] o.h.engine.jdbc.spi.SqlExceptionHelper   : SQL Warning Code: 0, SQLState: 00000
2021-09-18 18:42:14.618  WARN 35839 --- [main] o.h.engine.jdbc.spi.SqlExceptionHelper   : table "pensions" does not exist, skipping
2021-09-18 18:42:14.618  WARN 35839 --- [main] o.h.engine.jdbc.spi.SqlExceptionHelper   : SQL Warning Code: 0, SQLState: 00000
2021-09-18 18:42:14.618  WARN 35839 --- [main] o.h.engine.jdbc.spi.SqlExceptionHelper   : sequence "addresses_seq" does not exist, skipping
2021-09-18 18:42:14.619  WARN 35839 --- [main] o.h.engine.jdbc.spi.SqlExceptionHelper   : SQL Warning Code: 0, SQLState: 00000
2021-09-18 18:42:14.619  WARN 35839 --- [main] o.h.engine.jdbc.spi.SqlExceptionHelper   : sequence "individuals_seq" does not exist, skipping
2021-09-18 18:42:14.619  WARN 35839 --- [main] o.h.engine.jdbc.spi.SqlExceptionHelper   : SQL Warning Code: 0, SQLState: 00000
2021-09-18 18:42:14.619  WARN 35839 --- [main] o.h.engine.jdbc.spi.SqlExceptionHelper   : sequence "pensions_seq" does not exist, skipping
2021-09-18 18:42:14.672  INFO 35839 --- [main] o.h.e.t.j.p.i.JtaPlatformInitiator       : HHH000490: Using JtaPlatform implementation: [org.hibernate.engine.transaction.jta.platform.internal.NoJtaPlatform]
2021-09-18 18:42:14.690  INFO 35839 --- [main] j.LocalContainerEntityManagerFactoryBean : Initialized JPA EntityManagerFactory for persistence unit 'default'
2021-09-18 18:42:15.109  WARN 35839 --- [main] JpaBaseConfiguration$JpaWebConfiguration : spring.jpa.open-in-view is enabled by default. Therefore, database queries may be performed during view rendering. Explicitly configure spring.jpa.open-in-view to disable this warning
2021-09-18 18:42:15.248  INFO 35839 --- [main] o.s.b.a.e.web.EndpointLinksResolver      : Exposing 16 endpoint(s) beneath base path '/actuator'
2021-09-18 18:42:15.336  WARN 35839 --- [main] o.s.b.c.l.AbstractListenerFactoryBean    : org.springframework.batch.item.ItemProcessor is an interface. The implementing class will not be queried for annotation based listener configurations. If using @StepScope on a @Bean method, be sure to return the implementing class so listener annotations can be used.
2021-09-18 18:42:15.363  INFO 35839 --- [main] pertySourcedRequestMappingHandlerMapping : Mapped URL path [/v2/api-docs] onto method [springfox.documentation.swagger2.web.Swagger2Controller#getDocumentation(String, HttpServletRequest)]
2021-09-18 18:42:15.544  WARN 35839 --- [main] o.s.b.a.batch.JpaBatchConfigurer         : JPA does not support custom isolation levels, so locks may not be taken when launching Jobs
2021-09-18 18:42:15.545  INFO 35839 --- [main] o.s.b.c.r.s.JobRepositoryFactoryBean     : No database type set, using meta data indicating: POSTGRES
2021-09-18 18:42:15.553  INFO 35839 --- [main] o.s.b.c.l.support.SimpleJobLauncher      : No TaskExecutor has been set, defaulting to synchronous executor.
2021-09-18 18:42:15.641  INFO 35839 --- [main] o.s.i.endpoint.EventDrivenConsumer       : Adding {logging-channel-adapter:_org.springframework.integration.errorLogger} as a subscriber to the 'errorChannel' channel
2021-09-18 18:42:15.642  INFO 35839 --- [main] o.s.i.channel.PublishSubscribeChannel    : Channel 'application.errorChannel' has 1 subscriber(s).
2021-09-18 18:42:15.642  INFO 35839 --- [main] o.s.i.endpoint.EventDrivenConsumer       : started bean '_org.springframework.integration.errorLogger'
2021-09-18 18:42:15.747  INFO 35839 --- [main] o.s.b.w.embedded.tomcat.TomcatWebServer  : Tomcat started on port(s): 8080 (http) with context path ''
2021-09-18 18:42:15.748  INFO 35839 --- [main] d.s.w.p.DocumentationPluginsBootstrapper : Context refreshed
2021-09-18 18:42:15.760  INFO 35839 --- [main] d.s.w.p.DocumentationPluginsBootstrapper : Found 1 custom documentation plugin(s)
2021-09-18 18:42:15.782  INFO 35839 --- [main] s.d.s.w.s.ApiListingReferenceScanner     : Scanning for api listing references
2021-09-18 18:42:15.859  INFO 35839 --- [main] fr.dsirc.demo.batch.DemoJobApplication   : Started DemoJobApplication in 3.697 seconds (JVM running for 4.24)
2021-09-18 18:42:16.006  INFO 35839 --- [RMI TCP Connection(5)-127.0.0.1] o.a.c.c.C.[Tomcat].[localhost].[/]       : Initializing Spring DispatcherServlet 'dispatcherServlet'
2021-09-18 18:42:16.007  INFO 35839 --- [RMI TCP Connection(5)-127.0.0.1] o.s.web.servlet.DispatcherServlet        : Initializing Servlet 'dispatcherServlet'
2021-09-18 18:42:16.009  INFO 35839 --- [RMI TCP Connection(5)-127.0.0.1] o.s.web.servlet.DispatcherServlet        : Completed initialization in 2 ms
2021-09-18 18:42:58.663  INFO 35839 --- [http-nio-8080-exec-1] o.s.b.c.l.support.SimpleJobLauncher      : Job: [SimpleJob: [name=partitionedJob]] launched with the following parameters: [{}]
2021-09-18 18:42:58.667  INFO 35839 --- [http-nio-8080-exec-1] o.s.c.t.b.l.TaskBatchExecutionListener   : The job execution id 2 was run within the task execution 5
2021-09-18 18:42:58.676  INFO 35839 --- [http-nio-8080-exec-1] o.s.batch.core.job.SimpleStepHandler     : Executing step: [step1]
2021-09-18 18:42:58.700  INFO 35839 --- [http-nio-8080-exec-1] o.s.batch.core.step.AbstractStep         : Step: [step1] executed in 24ms
2021-09-18 18:42:58.709  INFO 35839 --- [http-nio-8080-exec-1] o.s.b.c.l.support.SimpleJobLauncher      : Job: [SimpleJob: [name=partitionedJob]] completed with the following parameters: [{}] and the following status: [COMPLETED] in 40ms
2021-09-18 18:45:30.803  INFO 35839 --- [http-nio-8080-exec-6] o.s.b.c.l.support.SimpleJobLauncher      : Job: [SimpleJob: [name=partitionedJob]] launched with the following parameters: [{}]
2021-09-18 18:45:30.807  INFO 35839 --- [http-nio-8080-exec-6] o.s.c.t.b.l.TaskBatchExecutionListener   : The job execution id 3 was run within the task execution 5
2021-09-18 18:45:30.815  INFO 35839 --- [http-nio-8080-exec-6] o.s.batch.core.job.SimpleStepHandler     : Executing step: [step1]
2021-09-18 18:45:30.828  INFO 35839 --- [http-nio-8080-exec-6] o.s.batch.core.step.AbstractStep         : Step: [step1] executed in 13ms
2021-09-18 18:45:30.835  INFO 35839 --- [http-nio-8080-exec-6] o.s.b.c.l.support.SimpleJobLauncher      : Job: [SimpleJob: [name=partitionedJob]] completed with the following parameters: [{}] and the following status: [COMPLETED] in 29ms
2021-09-18 18:50:56.514  INFO 35839 --- [SpringApplicationShutdownHook] o.s.i.endpoint.EventDrivenConsumer       : Removing {logging-channel-adapter:_org.springframework.integration.errorLogger} as a subscriber to the 'errorChannel' channel
2021-09-18 18:50:56.514  INFO 35839 --- [SpringApplicationShutdownHook] o.s.i.channel.PublishSubscribeChannel    : Channel 'application.errorChannel' has 0 subscriber(s).
2021-09-18 18:50:56.514  INFO 35839 --- [SpringApplicationShutdownHook] o.s.i.endpoint.EventDrivenConsumer       : stopped bean '_org.springframework.integration.errorLogger'
2021-09-18 18:50:56.519  INFO 35839 --- [SpringApplicationShutdownHook] j.LocalContainerEntityManagerFactoryBean : Closing JPA EntityManagerFactory for persistence unit 'default'
2021-09-18 18:50:56.541  INFO 35839 --- [SpringApplicationShutdownHook] com.zaxxer.hikari.HikariDataSource       : HikariPool-1 - Shutdown initiated...
2021-09-18 18:50:56.544  INFO 35839 --- [SpringApplicationShutdownHook] com.zaxxer.hikari.HikariDataSource       : HikariPool-1 - Shutdown completed.
2021-09-18 18:51:23.092  INFO 37537 --- [main] fr.dsirc.demo.batch.DemoJobApplication   : Starting DemoJobApplication using Java 11.0.9 on nicolas-XPS-15-9570 with PID 37537 (/home/nicolas/IdeaProjects/demo/demo-job/target/classes started by nicolas in /home/nicolas/IdeaProjects/demo)
2021-09-18 18:51:23.094  INFO 37537 --- [main] fr.dsirc.demo.batch.DemoJobApplication   : No active profile set, falling back to default profiles: default
2021-09-18 18:51:23.654  INFO 37537 --- [main] .s.d.r.c.RepositoryConfigurationDelegate : Bootstrapping Spring Data JPA repositories in DEFAULT mode.
2021-09-18 18:51:23.693  INFO 37537 --- [main] .s.d.r.c.RepositoryConfigurationDelegate : Finished Spring Data repository scanning in 34 ms. Found 1 JPA repository interfaces.
2021-09-18 18:51:24.095  INFO 37537 --- [main] faultConfiguringBeanFactoryPostProcessor : No bean named 'errorChannel' has been explicitly defined. Therefore, a default PublishSubscribeChannel will be created.
2021-09-18 18:51:24.101  INFO 37537 --- [main] faultConfiguringBeanFactoryPostProcessor : No bean named 'integrationHeaderChannelRegistry' has been explicitly defined. Therefore, a default DefaultHeaderChannelRegistry will be created.
2021-09-18 18:51:24.169  INFO 37537 --- [main] trationDelegate$BeanPostProcessorChecker : Bean 'org.springframework.integration.config.IntegrationManagementConfiguration' of type [org.springframework.integration.config.IntegrationManagementConfiguration] is not eligible for getting processed by all BeanPostProcessors (for example: not eligible for auto-proxying)
2021-09-18 18:51:24.173  INFO 37537 --- [main] trationDelegate$BeanPostProcessorChecker : Bean 'integrationChannelResolver' of type [org.springframework.integration.support.channel.BeanFactoryChannelResolver] is not eligible for getting processed by all BeanPostProcessors (for example: not eligible for auto-proxying)
2021-09-18 18:51:24.174  INFO 37537 --- [main] trationDelegate$BeanPostProcessorChecker : Bean 'integrationDisposableAutoCreatedBeans' of type [org.springframework.integration.config.annotation.Disposables] is not eligible for getting processed by all BeanPostProcessors (for example: not eligible for auto-proxying)
2021-09-18 18:51:24.193  INFO 37537 --- [main] trationDelegate$BeanPostProcessorChecker : Bean 'org.springframework.cloud.task.batch.configuration.TaskBatchAutoConfiguration' of type [org.springframework.cloud.task.batch.configuration.TaskBatchAutoConfiguration$$EnhancerBySpringCGLIB$$23f4db1f] is not eligible for getting processed by all BeanPostProcessors (for example: not eligible for auto-proxying)
2021-09-18 18:51:24.199  INFO 37537 --- [main] trationDelegate$BeanPostProcessorChecker : Bean 'org.springframework.cloud.task.batch.listener.BatchEventAutoConfiguration' of type [org.springframework.cloud.task.batch.listener.BatchEventAutoConfiguration$$EnhancerBySpringCGLIB$$6c4ae522] is not eligible for getting processed by all BeanPostProcessors (for example: not eligible for auto-proxying)
2021-09-18 18:51:24.330  INFO 37537 --- [main] o.s.b.w.embedded.tomcat.TomcatWebServer  : Tomcat initialized with port(s): 8080 (http)
2021-09-18 18:51:24.335  INFO 37537 --- [main] o.apache.catalina.core.StandardService   : Starting service [Tomcat]
2021-09-18 18:51:24.335  INFO 37537 --- [main] org.apache.catalina.core.StandardEngine  : Starting Servlet engine: [Apache Tomcat/9.0.52]
2021-09-18 18:51:24.389  INFO 37537 --- [main] o.a.c.c.C.[Tomcat].[localhost].[/]       : Initializing Spring embedded WebApplicationContext
2021-09-18 18:51:24.389  INFO 37537 --- [main] w.s.c.ServletWebServerApplicationContext : Root WebApplicationContext: initialization completed in 1271 ms
2021-09-18 18:51:24.531  INFO 37537 --- [main] com.zaxxer.hikari.HikariDataSource       : HikariPool-1 - Starting...
2021-09-18 18:51:24.571  INFO 37537 --- [main] com.zaxxer.hikari.HikariDataSource       : HikariPool-1 - Start completed.
2021-09-18 18:51:24.620  INFO 37537 --- [main] o.hibernate.jpa.internal.util.LogHelper  : HHH000204: Processing PersistenceUnitInfo [name: default]
2021-09-18 18:51:24.645  INFO 37537 --- [main] org.hibernate.Version                    : HHH000412: Hibernate ORM core version 5.4.32.Final
2021-09-18 18:51:24.709  INFO 37537 --- [main] o.hibernate.annotations.common.Version   : HCANN000001: Hibernate Commons Annotations {5.1.2.Final}
2021-09-18 18:51:24.767  INFO 37537 --- [main] org.hibernate.dialect.Dialect            : HHH000400: Using dialect: org.hibernate.dialect.PostgreSQLDialect
2021-09-18 18:51:25.153  WARN 37537 --- [main] o.h.engine.jdbc.spi.SqlExceptionHelper   : SQL Warning Code: 0, SQLState: 00000
2021-09-18 18:51:25.153  WARN 37537 --- [main] o.h.engine.jdbc.spi.SqlExceptionHelper   : table "addresses" does not exist, skipping
2021-09-18 18:51:25.154  WARN 37537 --- [main] o.h.engine.jdbc.spi.SqlExceptionHelper   : SQL Warning Code: 0, SQLState: 00000
2021-09-18 18:51:25.154  WARN 37537 --- [main] o.h.engine.jdbc.spi.SqlExceptionHelper   : table "individuals" does not exist, skipping
2021-09-18 18:51:25.154  WARN 37537 --- [main] o.h.engine.jdbc.spi.SqlExceptionHelper   : SQL Warning Code: 0, SQLState: 00000
2021-09-18 18:51:25.154  WARN 37537 --- [main] o.h.engine.jdbc.spi.SqlExceptionHelper   : table "pensions" does not exist, skipping
2021-09-18 18:51:25.155  WARN 37537 --- [main] o.h.engine.jdbc.spi.SqlExceptionHelper   : SQL Warning Code: 0, SQLState: 00000
2021-09-18 18:51:25.155  WARN 37537 --- [main] o.h.engine.jdbc.spi.SqlExceptionHelper   : sequence "addresses_seq" does not exist, skipping
2021-09-18 18:51:25.155  WARN 37537 --- [main] o.h.engine.jdbc.spi.SqlExceptionHelper   : SQL Warning Code: 0, SQLState: 00000
2021-09-18 18:51:25.155  WARN 37537 --- [main] o.h.engine.jdbc.spi.SqlExceptionHelper   : sequence "individuals_seq" does not exist, skipping
2021-09-18 18:51:25.155  WARN 37537 --- [main] o.h.engine.jdbc.spi.SqlExceptionHelper   : SQL Warning Code: 0, SQLState: 00000
2021-09-18 18:51:25.155  WARN 37537 --- [main] o.h.engine.jdbc.spi.SqlExceptionHelper   : sequence "pensions_seq" does not exist, skipping
2021-09-18 18:51:25.194  INFO 37537 --- [main] o.h.e.t.j.p.i.JtaPlatformInitiator       : HHH000490: Using JtaPlatform implementation: [org.hibernate.engine.transaction.jta.platform.internal.NoJtaPlatform]
2021-09-18 18:51:25.212  INFO 37537 --- [main] j.LocalContainerEntityManagerFactoryBean : Initialized JPA EntityManagerFactory for persistence unit 'default'
2021-09-18 18:51:25.632  WARN 37537 --- [main] JpaBaseConfiguration$JpaWebConfiguration : spring.jpa.open-in-view is enabled by default. Therefore, database queries may be performed during view rendering. Explicitly configure spring.jpa.open-in-view to disable this warning
2021-09-18 18:51:25.774  INFO 37537 --- [main] o.s.b.a.e.web.EndpointLinksResolver      : Exposing 16 endpoint(s) beneath base path '/actuator'
2021-09-18 18:51:25.864  WARN 37537 --- [main] o.s.b.c.l.AbstractListenerFactoryBean    : org.springframework.batch.item.ItemProcessor is an interface. The implementing class will not be queried for annotation based listener configurations. If using @StepScope on a @Bean method, be sure to return the implementing class so listener annotations can be used.
2021-09-18 18:51:25.890  INFO 37537 --- [main] pertySourcedRequestMappingHandlerMapping : Mapped URL path [/v2/api-docs] onto method [springfox.documentation.swagger2.web.Swagger2Controller#getDocumentation(String, HttpServletRequest)]
2021-09-18 18:51:26.078  WARN 37537 --- [main] o.s.b.a.batch.JpaBatchConfigurer         : JPA does not support custom isolation levels, so locks may not be taken when launching Jobs
2021-09-18 18:51:26.079  INFO 37537 --- [main] o.s.b.c.r.s.JobRepositoryFactoryBean     : No database type set, using meta data indicating: POSTGRES
2021-09-18 18:51:26.086  INFO 37537 --- [main] o.s.b.c.l.support.SimpleJobLauncher      : No TaskExecutor has been set, defaulting to synchronous executor.
2021-09-18 18:51:26.180  INFO 37537 --- [main] o.s.i.endpoint.EventDrivenConsumer       : Adding {logging-channel-adapter:_org.springframework.integration.errorLogger} as a subscriber to the 'errorChannel' channel
2021-09-18 18:51:26.180  INFO 37537 --- [main] o.s.i.channel.PublishSubscribeChannel    : Channel 'application.errorChannel' has 1 subscriber(s).
2021-09-18 18:51:26.180  INFO 37537 --- [main] o.s.i.endpoint.EventDrivenConsumer       : started bean '_org.springframework.integration.errorLogger'
2021-09-18 18:51:26.290  INFO 37537 --- [main] o.s.b.w.embedded.tomcat.TomcatWebServer  : Tomcat started on port(s): 8080 (http) with context path ''
2021-09-18 18:51:26.291  INFO 37537 --- [main] d.s.w.p.DocumentationPluginsBootstrapper : Context refreshed
2021-09-18 18:51:26.301  INFO 37537 --- [main] d.s.w.p.DocumentationPluginsBootstrapper : Found 1 custom documentation plugin(s)
2021-09-18 18:51:26.324  INFO 37537 --- [main] s.d.s.w.s.ApiListingReferenceScanner     : Scanning for api listing references
2021-09-18 18:51:26.404  INFO 37537 --- [main] fr.dsirc.demo.batch.DemoJobApplication   : Started DemoJobApplication in 3.571 seconds (JVM running for 4.07)
2021-09-18 18:51:26.740  INFO 37537 --- [RMI TCP Connection(3)-127.0.0.1] o.a.c.c.C.[Tomcat].[localhost].[/]       : Initializing Spring DispatcherServlet 'dispatcherServlet'
2021-09-18 18:51:26.741  INFO 37537 --- [RMI TCP Connection(3)-127.0.0.1] o.s.web.servlet.DispatcherServlet        : Initializing Servlet 'dispatcherServlet'
2021-09-18 18:51:26.743  INFO 37537 --- [RMI TCP Connection(3)-127.0.0.1] o.s.web.servlet.DispatcherServlet        : Completed initialization in 2 ms
2021-09-18 18:51:57.400  INFO 37537 --- [http-nio-8080-exec-3] o.s.b.c.l.support.SimpleJobLauncher      : Job: [SimpleJob: [name=partitionedJob]] launched with the following parameters: [{}]
2021-09-18 18:51:57.404  INFO 37537 --- [http-nio-8080-exec-3] o.s.c.t.b.l.TaskBatchExecutionListener   : The job execution id 4 was run within the task execution 6
2021-09-18 18:51:57.414  INFO 37537 --- [http-nio-8080-exec-3] o.s.batch.core.job.SimpleStepHandler     : Executing step: [step1]
2021-09-18 18:51:57.438  INFO 37537 --- [http-nio-8080-exec-3] o.s.batch.core.step.AbstractStep         : Step: [step1] executed in 24ms
2021-09-18 18:51:57.445  INFO 37537 --- [http-nio-8080-exec-3] o.s.b.c.l.support.SimpleJobLauncher      : Job: [SimpleJob: [name=partitionedJob]] completed with the following parameters: [{}] and the following status: [COMPLETED] in 40ms
2021-09-18 18:52:48.202  INFO 37537 --- [SpringApplicationShutdownHook] o.s.i.endpoint.EventDrivenConsumer       : Removing {logging-channel-adapter:_org.springframework.integration.errorLogger} as a subscriber to the 'errorChannel' channel
2021-09-18 18:52:48.203  INFO 37537 --- [SpringApplicationShutdownHook] o.s.i.channel.PublishSubscribeChannel    : Channel 'application.errorChannel' has 0 subscriber(s).
2021-09-18 18:52:48.203  INFO 37537 --- [SpringApplicationShutdownHook] o.s.i.endpoint.EventDrivenConsumer       : stopped bean '_org.springframework.integration.errorLogger'
2021-09-18 18:52:48.213  INFO 37537 --- [SpringApplicationShutdownHook] j.LocalContainerEntityManagerFactoryBean : Closing JPA EntityManagerFactory for persistence unit 'default'
2021-09-18 18:52:48.234  INFO 37537 --- [SpringApplicationShutdownHook] com.zaxxer.hikari.HikariDataSource       : HikariPool-1 - Shutdown initiated...
2021-09-18 18:52:48.237  INFO 37537 --- [SpringApplicationShutdownHook] com.zaxxer.hikari.HikariDataSource       : HikariPool-1 - Shutdown completed.
