2021-09-14 18:54:07.640  INFO 90609 --- [main] fr.dsirc.demo.DemoApplicationTests       : Starting DemoApplicationTests using Java 11.0.9 on nicolas-XPS-15-9570 with PID 90609 (started by nicolas in /home/nicolas/IdeaProjects/demo/demo-api)
2021-09-14 18:54:07.645  INFO 90609 --- [main] fr.dsirc.demo.DemoApplicationTests       : No active profile set, falling back to default profiles: default
2021-09-14 18:54:08.658  INFO 90609 --- [main] .s.d.r.c.RepositoryConfigurationDelegate : Bootstrapping Spring Data JPA repositories in DEFAULT mode.
2021-09-14 18:54:08.807  INFO 90609 --- [main] .s.d.r.c.RepositoryConfigurationDelegate : Finished Spring Data repository scanning in 143 ms. Found 1 JPA repository interfaces.
2021-09-14 18:54:09.051  INFO 90609 --- [main] faultConfiguringBeanFactoryPostProcessor : No bean named 'errorChannel' has been explicitly defined. Therefore, a default PublishSubscribeChannel will be created.
2021-09-14 18:54:09.060  INFO 90609 --- [main] faultConfiguringBeanFactoryPostProcessor : No bean named 'integrationHeaderChannelRegistry' has been explicitly defined. Therefore, a default DefaultHeaderChannelRegistry will be created.
2021-09-14 18:54:09.168  INFO 90609 --- [main] trationDelegate$BeanPostProcessorChecker : Bean 'org.springframework.integration.config.IntegrationManagementConfiguration' of type [org.springframework.integration.config.IntegrationManagementConfiguration] is not eligible for getting processed by all BeanPostProcessors (for example: not eligible for auto-proxying)
2021-09-14 18:54:09.185  INFO 90609 --- [main] trationDelegate$BeanPostProcessorChecker : Bean 'integrationChannelResolver' of type [org.springframework.integration.support.channel.BeanFactoryChannelResolver] is not eligible for getting processed by all BeanPostProcessors (for example: not eligible for auto-proxying)
2021-09-14 18:54:09.194  INFO 90609 --- [main] trationDelegate$BeanPostProcessorChecker : Bean 'integrationDisposableAutoCreatedBeans' of type [org.springframework.integration.config.annotation.Disposables] is not eligible for getting processed by all BeanPostProcessors (for example: not eligible for auto-proxying)
2021-09-14 18:54:09.227  INFO 90609 --- [main] trationDelegate$BeanPostProcessorChecker : Bean 'org.springframework.cloud.task.batch.configuration.TaskBatchAutoConfiguration' of type [org.springframework.cloud.task.batch.configuration.TaskBatchAutoConfiguration$$EnhancerBySpringCGLIB$$3a0de155] is not eligible for getting processed by all BeanPostProcessors (for example: not eligible for auto-proxying)
2021-09-14 18:54:09.238  INFO 90609 --- [main] trationDelegate$BeanPostProcessorChecker : Bean 'org.springframework.cloud.task.batch.listener.BatchEventAutoConfiguration' of type [org.springframework.cloud.task.batch.listener.BatchEventAutoConfiguration$$EnhancerBySpringCGLIB$$8263eb58] is not eligible for getting processed by all BeanPostProcessors (for example: not eligible for auto-proxying)
2021-09-14 18:54:09.321  INFO 90609 --- [main] com.zaxxer.hikari.HikariDataSource       : HikariPool-1 - Starting...
2021-09-14 18:54:09.394  INFO 90609 --- [main] com.zaxxer.hikari.HikariDataSource       : HikariPool-1 - Start completed.
2021-09-14 18:54:09.491  INFO 90609 --- [main] o.hibernate.jpa.internal.util.LogHelper  : HHH000204: Processing PersistenceUnitInfo [name: default]
2021-09-14 18:54:09.528  INFO 90609 --- [main] org.hibernate.Version                    : HHH000412: Hibernate ORM core version 5.4.32.Final
2021-09-14 18:54:09.613  INFO 90609 --- [main] o.hibernate.annotations.common.Version   : HCANN000001: Hibernate Commons Annotations {5.1.2.Final}
2021-09-14 18:54:09.688  INFO 90609 --- [main] org.hibernate.dialect.Dialect            : HHH000400: Using dialect: org.hibernate.dialect.PostgreSQLDialect
2021-09-14 18:54:10.230  WARN 90609 --- [main] o.h.engine.jdbc.spi.SqlExceptionHelper   : SQL Warning Code: 0, SQLState: 00000
2021-09-14 18:54:10.230  WARN 90609 --- [main] o.h.engine.jdbc.spi.SqlExceptionHelper   : table "addresses" does not exist, skipping
2021-09-14 18:54:10.231  WARN 90609 --- [main] o.h.engine.jdbc.spi.SqlExceptionHelper   : SQL Warning Code: 0, SQLState: 00000
2021-09-14 18:54:10.231  WARN 90609 --- [main] o.h.engine.jdbc.spi.SqlExceptionHelper   : table "individuals" does not exist, skipping
2021-09-14 18:54:10.231  WARN 90609 --- [main] o.h.engine.jdbc.spi.SqlExceptionHelper   : SQL Warning Code: 0, SQLState: 00000
2021-09-14 18:54:10.231  WARN 90609 --- [main] o.h.engine.jdbc.spi.SqlExceptionHelper   : table "pensions" does not exist, skipping
2021-09-14 18:54:10.231  WARN 90609 --- [main] o.h.engine.jdbc.spi.SqlExceptionHelper   : SQL Warning Code: 0, SQLState: 00000
2021-09-14 18:54:10.232  WARN 90609 --- [main] o.h.engine.jdbc.spi.SqlExceptionHelper   : sequence "addresses_seq" does not exist, skipping
2021-09-14 18:54:10.232  WARN 90609 --- [main] o.h.engine.jdbc.spi.SqlExceptionHelper   : SQL Warning Code: 0, SQLState: 00000
2021-09-14 18:54:10.232  WARN 90609 --- [main] o.h.engine.jdbc.spi.SqlExceptionHelper   : sequence "individuals_seq" does not exist, skipping
2021-09-14 18:54:10.232  WARN 90609 --- [main] o.h.engine.jdbc.spi.SqlExceptionHelper   : SQL Warning Code: 0, SQLState: 00000
2021-09-14 18:54:10.232  WARN 90609 --- [main] o.h.engine.jdbc.spi.SqlExceptionHelper   : sequence "pensions_seq" does not exist, skipping
2021-09-14 18:54:10.292  INFO 90609 --- [main] o.h.e.t.j.p.i.JtaPlatformInitiator       : HHH000490: Using JtaPlatform implementation: [org.hibernate.engine.transaction.jta.platform.internal.NoJtaPlatform]
2021-09-14 18:54:10.298  INFO 90609 --- [main] j.LocalContainerEntityManagerFactoryBean : Initialized JPA EntityManagerFactory for persistence unit 'default'
2021-09-14 18:54:10.946  WARN 90609 --- [main] JpaBaseConfiguration$JpaWebConfiguration : spring.jpa.open-in-view is enabled by default. Therefore, database queries may be performed during view rendering. Explicitly configure spring.jpa.open-in-view to disable this warning
2021-09-14 18:54:11.349  INFO 90609 --- [main] o.s.b.a.e.web.EndpointLinksResolver      : Exposing 16 endpoint(s) beneath base path '/actuator'
2021-09-14 18:54:11.541  INFO 90609 --- [main] pertySourcedRequestMappingHandlerMapping : Mapped URL path [/v2/api-docs] onto method [springfox.documentation.swagger2.web.Swagger2Controller#getDocumentation(String, HttpServletRequest)]
2021-09-14 18:54:11.817  INFO 90609 --- [main] o.s.b.a.w.s.WelcomePageHandlerMapping    : Adding welcome page: class path resource [static/index.html]
2021-09-14 18:54:12.027  WARN 90609 --- [main] o.s.b.a.batch.JpaBatchConfigurer         : JPA does not support custom isolation levels, so locks may not be taken when launching Jobs
2021-09-14 18:54:12.028  INFO 90609 --- [main] o.s.b.c.r.s.JobRepositoryFactoryBean     : No database type set, using meta data indicating: POSTGRES
2021-09-14 18:54:12.041  INFO 90609 --- [main] o.s.b.c.l.support.SimpleJobLauncher      : No TaskExecutor has been set, defaulting to synchronous executor.
2021-09-14 18:54:12.219  INFO 90609 --- [main] o.s.i.endpoint.EventDrivenConsumer       : Adding {logging-channel-adapter:_org.springframework.integration.errorLogger} as a subscriber to the 'errorChannel' channel
2021-09-14 18:54:12.219  INFO 90609 --- [main] o.s.i.channel.PublishSubscribeChannel    : Channel 'application.errorChannel' has 1 subscriber(s).
2021-09-14 18:54:12.219  INFO 90609 --- [main] o.s.i.endpoint.EventDrivenConsumer       : started bean '_org.springframework.integration.errorLogger'
2021-09-14 18:54:12.299  INFO 90609 --- [main] d.s.w.p.DocumentationPluginsBootstrapper : Context refreshed
2021-09-14 18:54:12.313  INFO 90609 --- [main] d.s.w.p.DocumentationPluginsBootstrapper : Found 1 custom documentation plugin(s)
2021-09-14 18:54:12.345  INFO 90609 --- [main] s.d.s.w.s.ApiListingReferenceScanner     : Scanning for api listing references
2021-09-14 18:54:12.489  INFO 90609 --- [main] fr.dsirc.demo.DemoApplicationTests       : Started DemoApplicationTests in 5.063 seconds (JVM running for 5.878)
2021-09-14 18:54:12.629  INFO 90609 --- [SpringApplicationShutdownHook] o.s.i.endpoint.EventDrivenConsumer       : Removing {logging-channel-adapter:_org.springframework.integration.errorLogger} as a subscriber to the 'errorChannel' channel
2021-09-14 18:54:12.630  INFO 90609 --- [SpringApplicationShutdownHook] o.s.i.channel.PublishSubscribeChannel    : Channel 'application.errorChannel' has 0 subscriber(s).
2021-09-14 18:54:12.631  INFO 90609 --- [SpringApplicationShutdownHook] o.s.i.endpoint.EventDrivenConsumer       : stopped bean '_org.springframework.integration.errorLogger'
2021-09-14 18:54:12.643  INFO 90609 --- [SpringApplicationShutdownHook] j.LocalContainerEntityManagerFactoryBean : Closing JPA EntityManagerFactory for persistence unit 'default'
2021-09-14 18:54:12.663  INFO 90609 --- [SpringApplicationShutdownHook] com.zaxxer.hikari.HikariDataSource       : HikariPool-1 - Shutdown initiated...
2021-09-14 18:54:12.667  INFO 90609 --- [SpringApplicationShutdownHook] com.zaxxer.hikari.HikariDataSource       : HikariPool-1 - Shutdown completed.
2021-09-14 18:58:46.570  INFO 91532 --- [main] fr.dsirc.demo.DemoApplicationTests       : Starting DemoApplicationTests using Java 11.0.9 on nicolas-XPS-15-9570 with PID 91532 (started by nicolas in /home/nicolas/IdeaProjects/demo/demo-api)
2021-09-14 18:58:46.574  INFO 91532 --- [main] fr.dsirc.demo.DemoApplicationTests       : No active profile set, falling back to default profiles: default
2021-09-14 18:58:47.497  INFO 91532 --- [main] .s.d.r.c.RepositoryConfigurationDelegate : Bootstrapping Spring Data JPA repositories in DEFAULT mode.
2021-09-14 18:58:47.648  INFO 91532 --- [main] .s.d.r.c.RepositoryConfigurationDelegate : Finished Spring Data repository scanning in 144 ms. Found 1 JPA repository interfaces.
2021-09-14 18:58:47.893  INFO 91532 --- [main] faultConfiguringBeanFactoryPostProcessor : No bean named 'errorChannel' has been explicitly defined. Therefore, a default PublishSubscribeChannel will be created.
2021-09-14 18:58:47.902  INFO 91532 --- [main] faultConfiguringBeanFactoryPostProcessor : No bean named 'integrationHeaderChannelRegistry' has been explicitly defined. Therefore, a default DefaultHeaderChannelRegistry will be created.
2021-09-14 18:58:48.012  INFO 91532 --- [main] trationDelegate$BeanPostProcessorChecker : Bean 'org.springframework.integration.config.IntegrationManagementConfiguration' of type [org.springframework.integration.config.IntegrationManagementConfiguration] is not eligible for getting processed by all BeanPostProcessors (for example: not eligible for auto-proxying)
2021-09-14 18:58:48.029  INFO 91532 --- [main] trationDelegate$BeanPostProcessorChecker : Bean 'integrationChannelResolver' of type [org.springframework.integration.support.channel.BeanFactoryChannelResolver] is not eligible for getting processed by all BeanPostProcessors (for example: not eligible for auto-proxying)
2021-09-14 18:58:48.032  INFO 91532 --- [main] trationDelegate$BeanPostProcessorChecker : Bean 'integrationDisposableAutoCreatedBeans' of type [org.springframework.integration.config.annotation.Disposables] is not eligible for getting processed by all BeanPostProcessors (for example: not eligible for auto-proxying)
2021-09-14 18:58:48.064  INFO 91532 --- [main] trationDelegate$BeanPostProcessorChecker : Bean 'org.springframework.cloud.task.batch.configuration.TaskBatchAutoConfiguration' of type [org.springframework.cloud.task.batch.configuration.TaskBatchAutoConfiguration$$EnhancerBySpringCGLIB$$fcbcedbc] is not eligible for getting processed by all BeanPostProcessors (for example: not eligible for auto-proxying)
2021-09-14 18:58:48.077  INFO 91532 --- [main] trationDelegate$BeanPostProcessorChecker : Bean 'org.springframework.cloud.task.batch.listener.BatchEventAutoConfiguration' of type [org.springframework.cloud.task.batch.listener.BatchEventAutoConfiguration$$EnhancerBySpringCGLIB$$4512f7bf] is not eligible for getting processed by all BeanPostProcessors (for example: not eligible for auto-proxying)
2021-09-14 18:58:48.171  INFO 91532 --- [main] com.zaxxer.hikari.HikariDataSource       : HikariPool-1 - Starting...
2021-09-14 18:58:48.242  INFO 91532 --- [main] com.zaxxer.hikari.HikariDataSource       : HikariPool-1 - Start completed.
2021-09-14 18:58:48.340  INFO 91532 --- [main] o.hibernate.jpa.internal.util.LogHelper  : HHH000204: Processing PersistenceUnitInfo [name: default]
2021-09-14 18:58:48.379  INFO 91532 --- [main] org.hibernate.Version                    : HHH000412: Hibernate ORM core version 5.4.32.Final
2021-09-14 18:58:48.461  INFO 91532 --- [main] o.hibernate.annotations.common.Version   : HCANN000001: Hibernate Commons Annotations {5.1.2.Final}
2021-09-14 18:58:48.535  INFO 91532 --- [main] org.hibernate.dialect.Dialect            : HHH000400: Using dialect: org.hibernate.dialect.PostgreSQLDialect
2021-09-14 18:58:49.068  WARN 91532 --- [main] o.h.engine.jdbc.spi.SqlExceptionHelper   : SQL Warning Code: 0, SQLState: 00000
2021-09-14 18:58:49.069  WARN 91532 --- [main] o.h.engine.jdbc.spi.SqlExceptionHelper   : table "addresses" does not exist, skipping
2021-09-14 18:58:49.069  WARN 91532 --- [main] o.h.engine.jdbc.spi.SqlExceptionHelper   : SQL Warning Code: 0, SQLState: 00000
2021-09-14 18:58:49.069  WARN 91532 --- [main] o.h.engine.jdbc.spi.SqlExceptionHelper   : table "individuals" does not exist, skipping
2021-09-14 18:58:49.070  WARN 91532 --- [main] o.h.engine.jdbc.spi.SqlExceptionHelper   : SQL Warning Code: 0, SQLState: 00000
2021-09-14 18:58:49.070  WARN 91532 --- [main] o.h.engine.jdbc.spi.SqlExceptionHelper   : table "pensions" does not exist, skipping
2021-09-14 18:58:49.070  WARN 91532 --- [main] o.h.engine.jdbc.spi.SqlExceptionHelper   : SQL Warning Code: 0, SQLState: 00000
2021-09-14 18:58:49.070  WARN 91532 --- [main] o.h.engine.jdbc.spi.SqlExceptionHelper   : sequence "addresses_seq" does not exist, skipping
2021-09-14 18:58:49.071  WARN 91532 --- [main] o.h.engine.jdbc.spi.SqlExceptionHelper   : SQL Warning Code: 0, SQLState: 00000
2021-09-14 18:58:49.071  WARN 91532 --- [main] o.h.engine.jdbc.spi.SqlExceptionHelper   : sequence "individuals_seq" does not exist, skipping
2021-09-14 18:58:49.071  WARN 91532 --- [main] o.h.engine.jdbc.spi.SqlExceptionHelper   : SQL Warning Code: 0, SQLState: 00000
2021-09-14 18:58:49.071  WARN 91532 --- [main] o.h.engine.jdbc.spi.SqlExceptionHelper   : sequence "pensions_seq" does not exist, skipping
2021-09-14 18:58:49.163  INFO 91532 --- [main] o.h.e.t.j.p.i.JtaPlatformInitiator       : HHH000490: Using JtaPlatform implementation: [org.hibernate.engine.transaction.jta.platform.internal.NoJtaPlatform]
2021-09-14 18:58:49.180  INFO 91532 --- [main] j.LocalContainerEntityManagerFactoryBean : Initialized JPA EntityManagerFactory for persistence unit 'default'
2021-09-14 18:58:49.892  WARN 91532 --- [main] JpaBaseConfiguration$JpaWebConfiguration : spring.jpa.open-in-view is enabled by default. Therefore, database queries may be performed during view rendering. Explicitly configure spring.jpa.open-in-view to disable this warning
2021-09-14 18:58:50.288  INFO 91532 --- [main] o.s.b.a.e.web.EndpointLinksResolver      : Exposing 16 endpoint(s) beneath base path '/actuator'
2021-09-14 18:58:50.479  INFO 91532 --- [main] pertySourcedRequestMappingHandlerMapping : Mapped URL path [/v2/api-docs] onto method [springfox.documentation.swagger2.web.Swagger2Controller#getDocumentation(String, HttpServletRequest)]
2021-09-14 18:58:50.744  INFO 91532 --- [main] o.s.b.a.w.s.WelcomePageHandlerMapping    : Adding welcome page: class path resource [static/index.html]
2021-09-14 18:58:50.926  WARN 91532 --- [main] o.s.b.a.batch.JpaBatchConfigurer         : JPA does not support custom isolation levels, so locks may not be taken when launching Jobs
2021-09-14 18:58:50.927  INFO 91532 --- [main] o.s.b.c.r.s.JobRepositoryFactoryBean     : No database type set, using meta data indicating: POSTGRES
2021-09-14 18:58:50.939  INFO 91532 --- [main] o.s.b.c.l.support.SimpleJobLauncher      : No TaskExecutor has been set, defaulting to synchronous executor.
2021-09-14 18:58:51.115  INFO 91532 --- [main] o.s.i.endpoint.EventDrivenConsumer       : Adding {logging-channel-adapter:_org.springframework.integration.errorLogger} as a subscriber to the 'errorChannel' channel
2021-09-14 18:58:51.115  INFO 91532 --- [main] o.s.i.channel.PublishSubscribeChannel    : Channel 'application.errorChannel' has 1 subscriber(s).
2021-09-14 18:58:51.116  INFO 91532 --- [main] o.s.i.endpoint.EventDrivenConsumer       : started bean '_org.springframework.integration.errorLogger'
2021-09-14 18:58:51.202  INFO 91532 --- [main] d.s.w.p.DocumentationPluginsBootstrapper : Context refreshed
2021-09-14 18:58:51.216  INFO 91532 --- [main] d.s.w.p.DocumentationPluginsBootstrapper : Found 1 custom documentation plugin(s)
2021-09-14 18:58:51.248  INFO 91532 --- [main] s.d.s.w.s.ApiListingReferenceScanner     : Scanning for api listing references
2021-09-14 18:58:51.388  INFO 91532 --- [main] fr.dsirc.demo.DemoApplicationTests       : Started DemoApplicationTests in 5.045 seconds (JVM running for 5.838)
2021-09-14 18:58:51.530  INFO 91532 --- [SpringApplicationShutdownHook] o.s.i.endpoint.EventDrivenConsumer       : Removing {logging-channel-adapter:_org.springframework.integration.errorLogger} as a subscriber to the 'errorChannel' channel
2021-09-14 18:58:51.531  INFO 91532 --- [SpringApplicationShutdownHook] o.s.i.channel.PublishSubscribeChannel    : Channel 'application.errorChannel' has 0 subscriber(s).
2021-09-14 18:58:51.531  INFO 91532 --- [SpringApplicationShutdownHook] o.s.i.endpoint.EventDrivenConsumer       : stopped bean '_org.springframework.integration.errorLogger'
2021-09-14 18:58:51.540  INFO 91532 --- [SpringApplicationShutdownHook] j.LocalContainerEntityManagerFactoryBean : Closing JPA EntityManagerFactory for persistence unit 'default'
2021-09-14 18:58:51.558  INFO 91532 --- [SpringApplicationShutdownHook] com.zaxxer.hikari.HikariDataSource       : HikariPool-1 - Shutdown initiated...
2021-09-14 18:58:51.563  INFO 91532 --- [SpringApplicationShutdownHook] com.zaxxer.hikari.HikariDataSource       : HikariPool-1 - Shutdown completed.
2021-09-14 19:05:38.030  INFO 92814 --- [main] fr.dsirc.demo.DemoApplicationTests       : Starting DemoApplicationTests using Java 11.0.9 on nicolas-XPS-15-9570 with PID 92814 (started by nicolas in /home/nicolas/IdeaProjects/demo/demo-api)
2021-09-14 19:05:38.032  INFO 92814 --- [main] fr.dsirc.demo.DemoApplicationTests       : No active profile set, falling back to default profiles: default
2021-09-14 19:05:39.101  INFO 92814 --- [main] .s.d.r.c.RepositoryConfigurationDelegate : Bootstrapping Spring Data JPA repositories in DEFAULT mode.
2021-09-14 19:05:39.268  INFO 92814 --- [main] .s.d.r.c.RepositoryConfigurationDelegate : Finished Spring Data repository scanning in 159 ms. Found 1 JPA repository interfaces.
2021-09-14 19:05:39.566  INFO 92814 --- [main] faultConfiguringBeanFactoryPostProcessor : No bean named 'errorChannel' has been explicitly defined. Therefore, a default PublishSubscribeChannel will be created.
2021-09-14 19:05:39.576  INFO 92814 --- [main] faultConfiguringBeanFactoryPostProcessor : No bean named 'integrationHeaderChannelRegistry' has been explicitly defined. Therefore, a default DefaultHeaderChannelRegistry will be created.
2021-09-14 19:05:39.717  INFO 92814 --- [main] trationDelegate$BeanPostProcessorChecker : Bean 'org.springframework.integration.config.IntegrationManagementConfiguration' of type [org.springframework.integration.config.IntegrationManagementConfiguration] is not eligible for getting processed by all BeanPostProcessors (for example: not eligible for auto-proxying)
2021-09-14 19:05:39.740  INFO 92814 --- [main] trationDelegate$BeanPostProcessorChecker : Bean 'integrationChannelResolver' of type [org.springframework.integration.support.channel.BeanFactoryChannelResolver] is not eligible for getting processed by all BeanPostProcessors (for example: not eligible for auto-proxying)
2021-09-14 19:05:39.743  INFO 92814 --- [main] trationDelegate$BeanPostProcessorChecker : Bean 'integrationDisposableAutoCreatedBeans' of type [org.springframework.integration.config.annotation.Disposables] is not eligible for getting processed by all BeanPostProcessors (for example: not eligible for auto-proxying)
2021-09-14 19:05:39.790  INFO 92814 --- [main] trationDelegate$BeanPostProcessorChecker : Bean 'org.springframework.cloud.task.batch.configuration.TaskBatchAutoConfiguration' of type [org.springframework.cloud.task.batch.configuration.TaskBatchAutoConfiguration$$EnhancerBySpringCGLIB$$8ba7e9c6] is not eligible for getting processed by all BeanPostProcessors (for example: not eligible for auto-proxying)
2021-09-14 19:05:39.806  INFO 92814 --- [main] trationDelegate$BeanPostProcessorChecker : Bean 'org.springframework.cloud.task.batch.listener.BatchEventAutoConfiguration' of type [org.springframework.cloud.task.batch.listener.BatchEventAutoConfiguration$$EnhancerBySpringCGLIB$$d3fdf3c9] is not eligible for getting processed by all BeanPostProcessors (for example: not eligible for auto-proxying)
2021-09-14 19:05:39.901  INFO 92814 --- [main] com.zaxxer.hikari.HikariDataSource       : HikariPool-1 - Starting...
2021-09-14 19:05:39.977  INFO 92814 --- [main] com.zaxxer.hikari.HikariDataSource       : HikariPool-1 - Start completed.
2021-09-14 19:05:40.082  INFO 92814 --- [main] o.hibernate.jpa.internal.util.LogHelper  : HHH000204: Processing PersistenceUnitInfo [name: default]
2021-09-14 19:05:40.123  INFO 92814 --- [main] org.hibernate.Version                    : HHH000412: Hibernate ORM core version 5.4.32.Final
2021-09-14 19:05:40.218  INFO 92814 --- [main] o.hibernate.annotations.common.Version   : HCANN000001: Hibernate Commons Annotations {5.1.2.Final}
2021-09-14 19:05:40.300  INFO 92814 --- [main] org.hibernate.dialect.Dialect            : HHH000400: Using dialect: org.hibernate.dialect.PostgreSQLDialect
2021-09-14 19:05:40.873  WARN 92814 --- [main] o.h.engine.jdbc.spi.SqlExceptionHelper   : SQL Warning Code: 0, SQLState: 00000
2021-09-14 19:05:40.873  WARN 92814 --- [main] o.h.engine.jdbc.spi.SqlExceptionHelper   : table "addresses" does not exist, skipping
2021-09-14 19:05:40.874  WARN 92814 --- [main] o.h.engine.jdbc.spi.SqlExceptionHelper   : SQL Warning Code: 0, SQLState: 00000
2021-09-14 19:05:40.874  WARN 92814 --- [main] o.h.engine.jdbc.spi.SqlExceptionHelper   : table "individuals" does not exist, skipping
2021-09-14 19:05:40.874  WARN 92814 --- [main] o.h.engine.jdbc.spi.SqlExceptionHelper   : SQL Warning Code: 0, SQLState: 00000
2021-09-14 19:05:40.874  WARN 92814 --- [main] o.h.engine.jdbc.spi.SqlExceptionHelper   : table "pensions" does not exist, skipping
2021-09-14 19:05:40.875  WARN 92814 --- [main] o.h.engine.jdbc.spi.SqlExceptionHelper   : SQL Warning Code: 0, SQLState: 00000
2021-09-14 19:05:40.875  WARN 92814 --- [main] o.h.engine.jdbc.spi.SqlExceptionHelper   : sequence "addresses_seq" does not exist, skipping
2021-09-14 19:05:40.875  WARN 92814 --- [main] o.h.engine.jdbc.spi.SqlExceptionHelper   : SQL Warning Code: 0, SQLState: 00000
2021-09-14 19:05:40.875  WARN 92814 --- [main] o.h.engine.jdbc.spi.SqlExceptionHelper   : sequence "individuals_seq" does not exist, skipping
2021-09-14 19:05:40.876  WARN 92814 --- [main] o.h.engine.jdbc.spi.SqlExceptionHelper   : SQL Warning Code: 0, SQLState: 00000
2021-09-14 19:05:40.876  WARN 92814 --- [main] o.h.engine.jdbc.spi.SqlExceptionHelper   : sequence "pensions_seq" does not exist, skipping
2021-09-14 19:05:40.943  INFO 92814 --- [main] o.h.e.t.j.p.i.JtaPlatformInitiator       : HHH000490: Using JtaPlatform implementation: [org.hibernate.engine.transaction.jta.platform.internal.NoJtaPlatform]
2021-09-14 19:05:40.952  INFO 92814 --- [main] j.LocalContainerEntityManagerFactoryBean : Initialized JPA EntityManagerFactory for persistence unit 'default'
2021-09-14 19:05:41.647  WARN 92814 --- [main] JpaBaseConfiguration$JpaWebConfiguration : spring.jpa.open-in-view is enabled by default. Therefore, database queries may be performed during view rendering. Explicitly configure spring.jpa.open-in-view to disable this warning
2021-09-14 19:05:42.070  INFO 92814 --- [main] o.s.b.a.e.web.EndpointLinksResolver      : Exposing 16 endpoint(s) beneath base path '/actuator'
2021-09-14 19:05:42.275  INFO 92814 --- [main] pertySourcedRequestMappingHandlerMapping : Mapped URL path [/v2/api-docs] onto method [springfox.documentation.swagger2.web.Swagger2Controller#getDocumentation(String, HttpServletRequest)]
2021-09-14 19:05:42.555  INFO 92814 --- [main] o.s.b.a.w.s.WelcomePageHandlerMapping    : Adding welcome page: class path resource [static/index.html]
2021-09-14 19:05:42.791  WARN 92814 --- [main] o.s.b.a.batch.JpaBatchConfigurer         : JPA does not support custom isolation levels, so locks may not be taken when launching Jobs
2021-09-14 19:05:42.792  INFO 92814 --- [main] o.s.b.c.r.s.JobRepositoryFactoryBean     : No database type set, using meta data indicating: POSTGRES
2021-09-14 19:05:42.805  INFO 92814 --- [main] o.s.b.c.l.support.SimpleJobLauncher      : No TaskExecutor has been set, defaulting to synchronous executor.
2021-09-14 19:05:42.993  INFO 92814 --- [main] o.s.i.endpoint.EventDrivenConsumer       : Adding {logging-channel-adapter:_org.springframework.integration.errorLogger} as a subscriber to the 'errorChannel' channel
2021-09-14 19:05:42.993  INFO 92814 --- [main] o.s.i.channel.PublishSubscribeChannel    : Channel 'application.errorChannel' has 1 subscriber(s).
2021-09-14 19:05:42.994  INFO 92814 --- [main] o.s.i.endpoint.EventDrivenConsumer       : started bean '_org.springframework.integration.errorLogger'
2021-09-14 19:05:43.077  INFO 92814 --- [main] d.s.w.p.DocumentationPluginsBootstrapper : Context refreshed
2021-09-14 19:05:43.093  INFO 92814 --- [main] d.s.w.p.DocumentationPluginsBootstrapper : Found 1 custom documentation plugin(s)
2021-09-14 19:05:43.126  INFO 92814 --- [main] s.d.s.w.s.ApiListingReferenceScanner     : Scanning for api listing references
2021-09-14 19:05:43.273  INFO 92814 --- [main] fr.dsirc.demo.DemoApplicationTests       : Started DemoApplicationTests in 5.463 seconds (JVM running for 6.26)
2021-09-14 19:05:43.420  INFO 92814 --- [SpringApplicationShutdownHook] o.s.i.endpoint.EventDrivenConsumer       : Removing {logging-channel-adapter:_org.springframework.integration.errorLogger} as a subscriber to the 'errorChannel' channel
2021-09-14 19:05:43.421  INFO 92814 --- [SpringApplicationShutdownHook] o.s.i.channel.PublishSubscribeChannel    : Channel 'application.errorChannel' has 0 subscriber(s).
2021-09-14 19:05:43.422  INFO 92814 --- [SpringApplicationShutdownHook] o.s.i.endpoint.EventDrivenConsumer       : stopped bean '_org.springframework.integration.errorLogger'
2021-09-14 19:05:43.429  INFO 92814 --- [SpringApplicationShutdownHook] j.LocalContainerEntityManagerFactoryBean : Closing JPA EntityManagerFactory for persistence unit 'default'
2021-09-14 19:05:43.445  INFO 92814 --- [SpringApplicationShutdownHook] com.zaxxer.hikari.HikariDataSource       : HikariPool-1 - Shutdown initiated...
2021-09-14 19:05:43.449  INFO 92814 --- [SpringApplicationShutdownHook] com.zaxxer.hikari.HikariDataSource       : HikariPool-1 - Shutdown completed.
