2021-09-17 15:42:14.534  INFO 437600 --- [main] fr.dsirc.demo.batch.DemoJobApplication   : Starting DemoJobApplication using Java 11.0.9 on nicolas-XPS-15-9570 with PID 437600 (/home/nicolas/IdeaProjects/demo/demo-job/target/classes started by nicolas in /home/nicolas/IdeaProjects/demo/demo-job)
2021-09-17 15:42:14.536  INFO 437600 --- [main] fr.dsirc.demo.batch.DemoJobApplication   : No active profile set, falling back to default profiles: default
2021-09-17 15:42:15.043  INFO 437600 --- [main] .s.d.r.c.RepositoryConfigurationDelegate : Bootstrapping Spring Data JPA repositories in DEFAULT mode.
2021-09-17 15:42:15.075  INFO 437600 --- [main] .s.d.r.c.RepositoryConfigurationDelegate : Finished Spring Data repository scanning in 27 ms. Found 1 JPA repository interfaces.
2021-09-17 15:42:15.383  INFO 437600 --- [main] faultConfiguringBeanFactoryPostProcessor : No bean named 'errorChannel' has been explicitly defined. Therefore, a default PublishSubscribeChannel will be created.
2021-09-17 15:42:15.388  INFO 437600 --- [main] faultConfiguringBeanFactoryPostProcessor : No bean named 'integrationHeaderChannelRegistry' has been explicitly defined. Therefore, a default DefaultHeaderChannelRegistry will be created.
2021-09-17 15:42:15.446  INFO 437600 --- [main] trationDelegate$BeanPostProcessorChecker : Bean 'org.springframework.integration.config.IntegrationManagementConfiguration' of type [org.springframework.integration.config.IntegrationManagementConfiguration] is not eligible for getting processed by all BeanPostProcessors (for example: not eligible for auto-proxying)
2021-09-17 15:42:15.450  INFO 437600 --- [main] trationDelegate$BeanPostProcessorChecker : Bean 'integrationChannelResolver' of type [org.springframework.integration.support.channel.BeanFactoryChannelResolver] is not eligible for getting processed by all BeanPostProcessors (for example: not eligible for auto-proxying)
2021-09-17 15:42:15.451  INFO 437600 --- [main] trationDelegate$BeanPostProcessorChecker : Bean 'integrationDisposableAutoCreatedBeans' of type [org.springframework.integration.config.annotation.Disposables] is not eligible for getting processed by all BeanPostProcessors (for example: not eligible for auto-proxying)
2021-09-17 15:42:15.471  INFO 437600 --- [main] trationDelegate$BeanPostProcessorChecker : Bean 'org.springframework.cloud.task.batch.configuration.TaskBatchAutoConfiguration' of type [org.springframework.cloud.task.batch.configuration.TaskBatchAutoConfiguration$$EnhancerBySpringCGLIB$$af0a667a] is not eligible for getting processed by all BeanPostProcessors (for example: not eligible for auto-proxying)
2021-09-17 15:42:15.476  INFO 437600 --- [main] trationDelegate$BeanPostProcessorChecker : Bean 'org.springframework.cloud.task.batch.listener.BatchEventAutoConfiguration' of type [org.springframework.cloud.task.batch.listener.BatchEventAutoConfiguration$$EnhancerBySpringCGLIB$$f760707d] is not eligible for getting processed by all BeanPostProcessors (for example: not eligible for auto-proxying)
2021-09-17 15:42:15.600  INFO 437600 --- [main] o.s.b.w.embedded.tomcat.TomcatWebServer  : Tomcat initialized with port(s): 8080 (http)
2021-09-17 15:42:15.605  INFO 437600 --- [main] o.apache.catalina.core.StandardService   : Starting service [Tomcat]
2021-09-17 15:42:15.605  INFO 437600 --- [main] org.apache.catalina.core.StandardEngine  : Starting Servlet engine: [Apache Tomcat/9.0.52]
2021-09-17 15:42:15.657  INFO 437600 --- [main] o.a.c.c.C.[Tomcat].[localhost].[/]       : Initializing Spring embedded WebApplicationContext
2021-09-17 15:42:15.657  INFO 437600 --- [main] w.s.c.ServletWebServerApplicationContext : Root WebApplicationContext: initialization completed in 1090 ms
2021-09-17 15:42:15.786  INFO 437600 --- [main] com.zaxxer.hikari.HikariDataSource       : HikariPool-1 - Starting...
2021-09-17 15:42:26.820 ERROR 437600 --- [main] com.zaxxer.hikari.pool.HikariPool        : HikariPool-1 - Exception during pool initialization.

org.postgresql.util.PSQLException: The connection attempt failed.
	at org.postgresql.core.v3.ConnectionFactoryImpl.openConnectionImpl(ConnectionFactoryImpl.java:315) ~[postgresql-42.2.23.jar:42.2.23]
	at org.postgresql.core.ConnectionFactory.openConnection(ConnectionFactory.java:51) ~[postgresql-42.2.23.jar:42.2.23]
	at org.postgresql.jdbc.PgConnection.<init>(PgConnection.java:223) ~[postgresql-42.2.23.jar:42.2.23]
	at org.postgresql.Driver.makeConnection(Driver.java:465) ~[postgresql-42.2.23.jar:42.2.23]
	at org.postgresql.Driver.connect(Driver.java:264) ~[postgresql-42.2.23.jar:42.2.23]
	at com.zaxxer.hikari.util.DriverDataSource.getConnection(DriverDataSource.java:138) ~[HikariCP-4.0.3.jar:na]
	at com.zaxxer.hikari.pool.PoolBase.newConnection(PoolBase.java:364) ~[HikariCP-4.0.3.jar:na]
	at com.zaxxer.hikari.pool.PoolBase.newPoolEntry(PoolBase.java:206) ~[HikariCP-4.0.3.jar:na]
	at com.zaxxer.hikari.pool.HikariPool.createPoolEntry(HikariPool.java:476) ~[HikariCP-4.0.3.jar:na]
	at com.zaxxer.hikari.pool.HikariPool.checkFailFast(HikariPool.java:561) ~[HikariCP-4.0.3.jar:na]
	at com.zaxxer.hikari.pool.HikariPool.<init>(HikariPool.java:115) ~[HikariCP-4.0.3.jar:na]
	at com.zaxxer.hikari.HikariDataSource.getConnection(HikariDataSource.java:112) ~[HikariCP-4.0.3.jar:na]
	at org.springframework.jdbc.datasource.DataSourceUtils.fetchConnection(DataSourceUtils.java:158) ~[spring-jdbc-5.3.9.jar:5.3.9]
	at org.springframework.jdbc.datasource.DataSourceUtils.doGetConnection(DataSourceUtils.java:116) ~[spring-jdbc-5.3.9.jar:5.3.9]
	at org.springframework.jdbc.datasource.DataSourceUtils.getConnection(DataSourceUtils.java:79) ~[spring-jdbc-5.3.9.jar:5.3.9]
	at org.springframework.jdbc.support.JdbcUtils.extractDatabaseMetaData(JdbcUtils.java:337) ~[spring-jdbc-5.3.9.jar:5.3.9]
	at org.springframework.boot.jdbc.AbstractDataSourceInitializer.getDatabaseName(AbstractDataSourceInitializer.java:96) ~[spring-boot-2.5.4.jar:2.5.4]
	at org.springframework.boot.autoconfigure.batch.BatchDataSourceInitializer.getDatabaseName(BatchDataSourceInitializer.java:57) ~[spring-boot-autoconfigure-2.5.4.jar:2.5.4]
	at org.springframework.boot.jdbc.AbstractDataSourceInitializer.initialize(AbstractDataSourceInitializer.java:65) ~[spring-boot-2.5.4.jar:2.5.4]
	at org.springframework.boot.jdbc.AbstractDataSourceInitializer.afterPropertiesSet(AbstractDataSourceInitializer.java:55) ~[spring-boot-2.5.4.jar:2.5.4]
	at org.springframework.beans.factory.support.AbstractAutowireCapableBeanFactory.invokeInitMethods(AbstractAutowireCapableBeanFactory.java:1845) ~[spring-beans-5.3.9.jar:5.3.9]
	at org.springframework.beans.factory.support.AbstractAutowireCapableBeanFactory.initializeBean(AbstractAutowireCapableBeanFactory.java:1782) ~[spring-beans-5.3.9.jar:5.3.9]
	at org.springframework.beans.factory.support.AbstractAutowireCapableBeanFactory.doCreateBean(AbstractAutowireCapableBeanFactory.java:602) ~[spring-beans-5.3.9.jar:5.3.9]
	at org.springframework.beans.factory.support.AbstractAutowireCapableBeanFactory.createBean(AbstractAutowireCapableBeanFactory.java:524) ~[spring-beans-5.3.9.jar:5.3.9]
	at org.springframework.beans.factory.support.AbstractBeanFactory.lambda$doGetBean$0(AbstractBeanFactory.java:335) ~[spring-beans-5.3.9.jar:5.3.9]
	at org.springframework.beans.factory.support.DefaultSingletonBeanRegistry.getSingleton(DefaultSingletonBeanRegistry.java:234) ~[spring-beans-5.3.9.jar:5.3.9]
	at org.springframework.beans.factory.support.AbstractBeanFactory.doGetBean(AbstractBeanFactory.java:333) ~[spring-beans-5.3.9.jar:5.3.9]
	at org.springframework.beans.factory.support.AbstractBeanFactory.getBean(AbstractBeanFactory.java:208) ~[spring-beans-5.3.9.jar:5.3.9]
	at org.springframework.beans.factory.support.AbstractBeanFactory.doGetBean(AbstractBeanFactory.java:322) ~[spring-beans-5.3.9.jar:5.3.9]
	at org.springframework.beans.factory.support.AbstractBeanFactory.getBean(AbstractBeanFactory.java:208) ~[spring-beans-5.3.9.jar:5.3.9]
	at org.springframework.context.support.AbstractApplicationContext.getBean(AbstractApplicationContext.java:1154) ~[spring-context-5.3.9.jar:5.3.9]
	at org.springframework.context.support.AbstractApplicationContext.finishBeanFactoryInitialization(AbstractApplicationContext.java:908) ~[spring-context-5.3.9.jar:5.3.9]
	at org.springframework.context.support.AbstractApplicationContext.refresh(AbstractApplicationContext.java:583) ~[spring-context-5.3.9.jar:5.3.9]
	at org.springframework.boot.web.servlet.context.ServletWebServerApplicationContext.refresh(ServletWebServerApplicationContext.java:145) ~[spring-boot-2.5.4.jar:2.5.4]
	at org.springframework.boot.SpringApplication.refresh(SpringApplication.java:754) ~[spring-boot-2.5.4.jar:2.5.4]
	at org.springframework.boot.SpringApplication.refreshContext(SpringApplication.java:434) ~[spring-boot-2.5.4.jar:2.5.4]
	at org.springframework.boot.SpringApplication.run(SpringApplication.java:338) ~[spring-boot-2.5.4.jar:2.5.4]
	at org.springframework.boot.SpringApplication.run(SpringApplication.java:1343) ~[spring-boot-2.5.4.jar:2.5.4]
	at org.springframework.boot.SpringApplication.run(SpringApplication.java:1332) ~[spring-boot-2.5.4.jar:2.5.4]
	at fr.dsirc.demo.batch.DemoJobApplication.main(DemoJobApplication.java:11) ~[classes/:na]
Caused by: java.net.SocketTimeoutException: connect timed out
	at java.base/java.net.PlainSocketImpl.socketConnect(Native Method) ~[na:na]
	at java.base/java.net.AbstractPlainSocketImpl.doConnect(AbstractPlainSocketImpl.java:399) ~[na:na]
	at java.base/java.net.AbstractPlainSocketImpl.connectToAddress(AbstractPlainSocketImpl.java:242) ~[na:na]
	at java.base/java.net.AbstractPlainSocketImpl.connect(AbstractPlainSocketImpl.java:224) ~[na:na]
	at java.base/java.net.SocksSocketImpl.connect(SocksSocketImpl.java:403) ~[na:na]
	at java.base/java.net.Socket.connect(Socket.java:608) ~[na:na]
	at org.postgresql.core.PGStream.createSocket(PGStream.java:231) ~[postgresql-42.2.23.jar:42.2.23]
	at org.postgresql.core.PGStream.<init>(PGStream.java:95) ~[postgresql-42.2.23.jar:42.2.23]
	at org.postgresql.core.v3.ConnectionFactoryImpl.tryConnect(ConnectionFactoryImpl.java:98) ~[postgresql-42.2.23.jar:42.2.23]
	at org.postgresql.core.v3.ConnectionFactoryImpl.openConnectionImpl(ConnectionFactoryImpl.java:213) ~[postgresql-42.2.23.jar:42.2.23]
	... 39 common frames omitted

2021-09-17 15:42:26.822  WARN 437600 --- [main] ConfigServletWebServerApplicationContext : Exception encountered during context initialization - cancelling refresh attempt: org.springframework.beans.factory.BeanCreationException: Error creating bean with name 'batchDataSourceInitializer' defined in class path resource [org/springframework/boot/autoconfigure/batch/BatchAutoConfiguration$DataSourceInitializerConfiguration.class]: Invocation of init method failed; nested exception is java.lang.IllegalStateException: Unable to detect database type
2021-09-17 15:42:26.824  INFO 437600 --- [main] o.apache.catalina.core.StandardService   : Stopping service [Tomcat]
2021-09-17 15:42:26.834  INFO 437600 --- [main] ConditionEvaluationReportLoggingListener : 

Error starting ApplicationContext. To display the conditions report re-run your application with 'debug' enabled.
2021-09-17 15:42:26.843 ERROR 437600 --- [main] o.s.boot.SpringApplication               : Application run failed

org.springframework.beans.factory.BeanCreationException: Error creating bean with name 'batchDataSourceInitializer' defined in class path resource [org/springframework/boot/autoconfigure/batch/BatchAutoConfiguration$DataSourceInitializerConfiguration.class]: Invocation of init method failed; nested exception is java.lang.IllegalStateException: Unable to detect database type
	at org.springframework.beans.factory.support.AbstractAutowireCapableBeanFactory.initializeBean(AbstractAutowireCapableBeanFactory.java:1786) ~[spring-beans-5.3.9.jar:5.3.9]
	at org.springframework.beans.factory.support.AbstractAutowireCapableBeanFactory.doCreateBean(AbstractAutowireCapableBeanFactory.java:602) ~[spring-beans-5.3.9.jar:5.3.9]
	at org.springframework.beans.factory.support.AbstractAutowireCapableBeanFactory.createBean(AbstractAutowireCapableBeanFactory.java:524) ~[spring-beans-5.3.9.jar:5.3.9]
	at org.springframework.beans.factory.support.AbstractBeanFactory.lambda$doGetBean$0(AbstractBeanFactory.java:335) ~[spring-beans-5.3.9.jar:5.3.9]
	at org.springframework.beans.factory.support.DefaultSingletonBeanRegistry.getSingleton(DefaultSingletonBeanRegistry.java:234) ~[spring-beans-5.3.9.jar:5.3.9]
	at org.springframework.beans.factory.support.AbstractBeanFactory.doGetBean(AbstractBeanFactory.java:333) ~[spring-beans-5.3.9.jar:5.3.9]
	at org.springframework.beans.factory.support.AbstractBeanFactory.getBean(AbstractBeanFactory.java:208) ~[spring-beans-5.3.9.jar:5.3.9]
	at org.springframework.beans.factory.support.AbstractBeanFactory.doGetBean(AbstractBeanFactory.java:322) ~[spring-beans-5.3.9.jar:5.3.9]
	at org.springframework.beans.factory.support.AbstractBeanFactory.getBean(AbstractBeanFactory.java:208) ~[spring-beans-5.3.9.jar:5.3.9]
	at org.springframework.context.support.AbstractApplicationContext.getBean(AbstractApplicationContext.java:1154) ~[spring-context-5.3.9.jar:5.3.9]
	at org.springframework.context.support.AbstractApplicationContext.finishBeanFactoryInitialization(AbstractApplicationContext.java:908) ~[spring-context-5.3.9.jar:5.3.9]
	at org.springframework.context.support.AbstractApplicationContext.refresh(AbstractApplicationContext.java:583) ~[spring-context-5.3.9.jar:5.3.9]
	at org.springframework.boot.web.servlet.context.ServletWebServerApplicationContext.refresh(ServletWebServerApplicationContext.java:145) ~[spring-boot-2.5.4.jar:2.5.4]
	at org.springframework.boot.SpringApplication.refresh(SpringApplication.java:754) ~[spring-boot-2.5.4.jar:2.5.4]
	at org.springframework.boot.SpringApplication.refreshContext(SpringApplication.java:434) ~[spring-boot-2.5.4.jar:2.5.4]
	at org.springframework.boot.SpringApplication.run(SpringApplication.java:338) ~[spring-boot-2.5.4.jar:2.5.4]
	at org.springframework.boot.SpringApplication.run(SpringApplication.java:1343) ~[spring-boot-2.5.4.jar:2.5.4]
	at org.springframework.boot.SpringApplication.run(SpringApplication.java:1332) ~[spring-boot-2.5.4.jar:2.5.4]
	at fr.dsirc.demo.batch.DemoJobApplication.main(DemoJobApplication.java:11) ~[classes/:na]
Caused by: java.lang.IllegalStateException: Unable to detect database type
	at org.springframework.boot.jdbc.AbstractDataSourceInitializer.getDatabaseName(AbstractDataSourceInitializer.java:104) ~[spring-boot-2.5.4.jar:2.5.4]
	at org.springframework.boot.autoconfigure.batch.BatchDataSourceInitializer.getDatabaseName(BatchDataSourceInitializer.java:57) ~[spring-boot-autoconfigure-2.5.4.jar:2.5.4]
	at org.springframework.boot.jdbc.AbstractDataSourceInitializer.initialize(AbstractDataSourceInitializer.java:65) ~[spring-boot-2.5.4.jar:2.5.4]
	at org.springframework.boot.jdbc.AbstractDataSourceInitializer.afterPropertiesSet(AbstractDataSourceInitializer.java:55) ~[spring-boot-2.5.4.jar:2.5.4]
	at org.springframework.beans.factory.support.AbstractAutowireCapableBeanFactory.invokeInitMethods(AbstractAutowireCapableBeanFactory.java:1845) ~[spring-beans-5.3.9.jar:5.3.9]
	at org.springframework.beans.factory.support.AbstractAutowireCapableBeanFactory.initializeBean(AbstractAutowireCapableBeanFactory.java:1782) ~[spring-beans-5.3.9.jar:5.3.9]
	... 18 common frames omitted
Caused by: org.springframework.jdbc.support.MetaDataAccessException: Could not get Connection for extracting meta-data; nested exception is org.springframework.jdbc.CannotGetJdbcConnectionException: Failed to obtain JDBC Connection; nested exception is org.postgresql.util.PSQLException: The connection attempt failed.
	at org.springframework.jdbc.support.JdbcUtils.extractDatabaseMetaData(JdbcUtils.java:363) ~[spring-jdbc-5.3.9.jar:5.3.9]
	at org.springframework.boot.jdbc.AbstractDataSourceInitializer.getDatabaseName(AbstractDataSourceInitializer.java:96) ~[spring-boot-2.5.4.jar:2.5.4]
	... 23 common frames omitted
Caused by: org.springframework.jdbc.CannotGetJdbcConnectionException: Failed to obtain JDBC Connection; nested exception is org.postgresql.util.PSQLException: The connection attempt failed.
	at org.springframework.jdbc.datasource.DataSourceUtils.getConnection(DataSourceUtils.java:82) ~[spring-jdbc-5.3.9.jar:5.3.9]
	at org.springframework.jdbc.support.JdbcUtils.extractDatabaseMetaData(JdbcUtils.java:337) ~[spring-jdbc-5.3.9.jar:5.3.9]
	... 24 common frames omitted
Caused by: org.postgresql.util.PSQLException: The connection attempt failed.
	at org.postgresql.core.v3.ConnectionFactoryImpl.openConnectionImpl(ConnectionFactoryImpl.java:315) ~[postgresql-42.2.23.jar:42.2.23]
	at org.postgresql.core.ConnectionFactory.openConnection(ConnectionFactory.java:51) ~[postgresql-42.2.23.jar:42.2.23]
	at org.postgresql.jdbc.PgConnection.<init>(PgConnection.java:223) ~[postgresql-42.2.23.jar:42.2.23]
	at org.postgresql.Driver.makeConnection(Driver.java:465) ~[postgresql-42.2.23.jar:42.2.23]
	at org.postgresql.Driver.connect(Driver.java:264) ~[postgresql-42.2.23.jar:42.2.23]
	at com.zaxxer.hikari.util.DriverDataSource.getConnection(DriverDataSource.java:138) ~[HikariCP-4.0.3.jar:na]
	at com.zaxxer.hikari.pool.PoolBase.newConnection(PoolBase.java:364) ~[HikariCP-4.0.3.jar:na]
	at com.zaxxer.hikari.pool.PoolBase.newPoolEntry(PoolBase.java:206) ~[HikariCP-4.0.3.jar:na]
	at com.zaxxer.hikari.pool.HikariPool.createPoolEntry(HikariPool.java:476) ~[HikariCP-4.0.3.jar:na]
	at com.zaxxer.hikari.pool.HikariPool.checkFailFast(HikariPool.java:561) ~[HikariCP-4.0.3.jar:na]
	at com.zaxxer.hikari.pool.HikariPool.<init>(HikariPool.java:115) ~[HikariCP-4.0.3.jar:na]
	at com.zaxxer.hikari.HikariDataSource.getConnection(HikariDataSource.java:112) ~[HikariCP-4.0.3.jar:na]
	at org.springframework.jdbc.datasource.DataSourceUtils.fetchConnection(DataSourceUtils.java:158) ~[spring-jdbc-5.3.9.jar:5.3.9]
	at org.springframework.jdbc.datasource.DataSourceUtils.doGetConnection(DataSourceUtils.java:116) ~[spring-jdbc-5.3.9.jar:5.3.9]
	at org.springframework.jdbc.datasource.DataSourceUtils.getConnection(DataSourceUtils.java:79) ~[spring-jdbc-5.3.9.jar:5.3.9]
	... 25 common frames omitted
Caused by: java.net.SocketTimeoutException: connect timed out
	at java.base/java.net.PlainSocketImpl.socketConnect(Native Method) ~[na:na]
	at java.base/java.net.AbstractPlainSocketImpl.doConnect(AbstractPlainSocketImpl.java:399) ~[na:na]
	at java.base/java.net.AbstractPlainSocketImpl.connectToAddress(AbstractPlainSocketImpl.java:242) ~[na:na]
	at java.base/java.net.AbstractPlainSocketImpl.connect(AbstractPlainSocketImpl.java:224) ~[na:na]
	at java.base/java.net.SocksSocketImpl.connect(SocksSocketImpl.java:403) ~[na:na]
	at java.base/java.net.Socket.connect(Socket.java:608) ~[na:na]
	at org.postgresql.core.PGStream.createSocket(PGStream.java:231) ~[postgresql-42.2.23.jar:42.2.23]
	at org.postgresql.core.PGStream.<init>(PGStream.java:95) ~[postgresql-42.2.23.jar:42.2.23]
	at org.postgresql.core.v3.ConnectionFactoryImpl.tryConnect(ConnectionFactoryImpl.java:98) ~[postgresql-42.2.23.jar:42.2.23]
	at org.postgresql.core.v3.ConnectionFactoryImpl.openConnectionImpl(ConnectionFactoryImpl.java:213) ~[postgresql-42.2.23.jar:42.2.23]
	... 39 common frames omitted

2021-09-17 15:47:31.929  INFO 441138 --- [main] fr.dsirc.demo.batch.DemoJobApplication   : Starting DemoJobApplication using Java 11.0.9 on nicolas-XPS-15-9570 with PID 441138 (/home/nicolas/IdeaProjects/demo/demo-job/target/classes started by nicolas in /home/nicolas/IdeaProjects/demo/demo-job)
2021-09-17 15:47:31.931  INFO 441138 --- [main] fr.dsirc.demo.batch.DemoJobApplication   : No active profile set, falling back to default profiles: default
2021-09-17 15:47:32.396  INFO 441138 --- [main] .s.d.r.c.RepositoryConfigurationDelegate : Bootstrapping Spring Data JPA repositories in DEFAULT mode.
2021-09-17 15:47:32.428  INFO 441138 --- [main] .s.d.r.c.RepositoryConfigurationDelegate : Finished Spring Data repository scanning in 27 ms. Found 1 JPA repository interfaces.
2021-09-17 15:47:32.736  INFO 441138 --- [main] faultConfiguringBeanFactoryPostProcessor : No bean named 'errorChannel' has been explicitly defined. Therefore, a default PublishSubscribeChannel will be created.
2021-09-17 15:47:32.742  INFO 441138 --- [main] faultConfiguringBeanFactoryPostProcessor : No bean named 'integrationHeaderChannelRegistry' has been explicitly defined. Therefore, a default DefaultHeaderChannelRegistry will be created.
2021-09-17 15:47:32.799  INFO 441138 --- [main] trationDelegate$BeanPostProcessorChecker : Bean 'org.springframework.integration.config.IntegrationManagementConfiguration' of type [org.springframework.integration.config.IntegrationManagementConfiguration] is not eligible for getting processed by all BeanPostProcessors (for example: not eligible for auto-proxying)
2021-09-17 15:47:32.802  INFO 441138 --- [main] trationDelegate$BeanPostProcessorChecker : Bean 'integrationChannelResolver' of type [org.springframework.integration.support.channel.BeanFactoryChannelResolver] is not eligible for getting processed by all BeanPostProcessors (for example: not eligible for auto-proxying)
2021-09-17 15:47:32.803  INFO 441138 --- [main] trationDelegate$BeanPostProcessorChecker : Bean 'integrationDisposableAutoCreatedBeans' of type [org.springframework.integration.config.annotation.Disposables] is not eligible for getting processed by all BeanPostProcessors (for example: not eligible for auto-proxying)
2021-09-17 15:47:32.818  INFO 441138 --- [main] trationDelegate$BeanPostProcessorChecker : Bean 'org.springframework.cloud.task.batch.configuration.TaskBatchAutoConfiguration' of type [org.springframework.cloud.task.batch.configuration.TaskBatchAutoConfiguration$$EnhancerBySpringCGLIB$$75618498] is not eligible for getting processed by all BeanPostProcessors (for example: not eligible for auto-proxying)
2021-09-17 15:47:32.823  INFO 441138 --- [main] trationDelegate$BeanPostProcessorChecker : Bean 'org.springframework.cloud.task.batch.listener.BatchEventAutoConfiguration' of type [org.springframework.cloud.task.batch.listener.BatchEventAutoConfiguration$$EnhancerBySpringCGLIB$$bdb78e9b] is not eligible for getting processed by all BeanPostProcessors (for example: not eligible for auto-proxying)
2021-09-17 15:47:32.951  INFO 441138 --- [main] o.s.b.w.embedded.tomcat.TomcatWebServer  : Tomcat initialized with port(s): 8080 (http)
2021-09-17 15:47:32.956  INFO 441138 --- [main] o.apache.catalina.core.StandardService   : Starting service [Tomcat]
2021-09-17 15:47:32.956  INFO 441138 --- [main] org.apache.catalina.core.StandardEngine  : Starting Servlet engine: [Apache Tomcat/9.0.52]
2021-09-17 15:47:33.007  INFO 441138 --- [main] o.a.c.c.C.[Tomcat].[localhost].[/]       : Initializing Spring embedded WebApplicationContext
2021-09-17 15:47:33.007  INFO 441138 --- [main] w.s.c.ServletWebServerApplicationContext : Root WebApplicationContext: initialization completed in 1049 ms
2021-09-17 15:47:33.141  INFO 441138 --- [main] com.zaxxer.hikari.HikariDataSource       : HikariPool-1 - Starting...
2021-09-17 15:47:33.181  INFO 441138 --- [main] com.zaxxer.hikari.HikariDataSource       : HikariPool-1 - Start completed.
2021-09-17 15:47:33.226  INFO 441138 --- [main] o.hibernate.jpa.internal.util.LogHelper  : HHH000204: Processing PersistenceUnitInfo [name: default]
2021-09-17 15:47:33.246  INFO 441138 --- [main] org.hibernate.Version                    : HHH000412: Hibernate ORM core version 5.4.32.Final
2021-09-17 15:47:33.297  INFO 441138 --- [main] o.hibernate.annotations.common.Version   : HCANN000001: Hibernate Commons Annotations {5.1.2.Final}
2021-09-17 15:47:33.345  INFO 441138 --- [main] org.hibernate.dialect.Dialect            : HHH000400: Using dialect: org.hibernate.dialect.PostgreSQLDialect
2021-09-17 15:47:33.661  WARN 441138 --- [main] o.h.engine.jdbc.spi.SqlExceptionHelper   : SQL Warning Code: 0, SQLState: 00000
2021-09-17 15:47:33.661  WARN 441138 --- [main] o.h.engine.jdbc.spi.SqlExceptionHelper   : table "addresses" does not exist, skipping
2021-09-17 15:47:33.661  WARN 441138 --- [main] o.h.engine.jdbc.spi.SqlExceptionHelper   : SQL Warning Code: 0, SQLState: 00000
2021-09-17 15:47:33.661  WARN 441138 --- [main] o.h.engine.jdbc.spi.SqlExceptionHelper   : table "individuals" does not exist, skipping
2021-09-17 15:47:33.661  WARN 441138 --- [main] o.h.engine.jdbc.spi.SqlExceptionHelper   : SQL Warning Code: 0, SQLState: 00000
2021-09-17 15:47:33.662  WARN 441138 --- [main] o.h.engine.jdbc.spi.SqlExceptionHelper   : table "pensions" does not exist, skipping
2021-09-17 15:47:33.662  WARN 441138 --- [main] o.h.engine.jdbc.spi.SqlExceptionHelper   : SQL Warning Code: 0, SQLState: 00000
2021-09-17 15:47:33.662  WARN 441138 --- [main] o.h.engine.jdbc.spi.SqlExceptionHelper   : sequence "addresses_seq" does not exist, skipping
2021-09-17 15:47:33.662  WARN 441138 --- [main] o.h.engine.jdbc.spi.SqlExceptionHelper   : SQL Warning Code: 0, SQLState: 00000
2021-09-17 15:47:33.662  WARN 441138 --- [main] o.h.engine.jdbc.spi.SqlExceptionHelper   : sequence "individuals_seq" does not exist, skipping
2021-09-17 15:47:33.663  WARN 441138 --- [main] o.h.engine.jdbc.spi.SqlExceptionHelper   : SQL Warning Code: 0, SQLState: 00000
2021-09-17 15:47:33.663  WARN 441138 --- [main] o.h.engine.jdbc.spi.SqlExceptionHelper   : sequence "pensions_seq" does not exist, skipping
2021-09-17 15:47:33.705  INFO 441138 --- [main] o.h.e.t.j.p.i.JtaPlatformInitiator       : HHH000490: Using JtaPlatform implementation: [org.hibernate.engine.transaction.jta.platform.internal.NoJtaPlatform]
2021-09-17 15:47:33.709  INFO 441138 --- [main] j.LocalContainerEntityManagerFactoryBean : Initialized JPA EntityManagerFactory for persistence unit 'default'
2021-09-17 15:47:34.053  WARN 441138 --- [main] JpaBaseConfiguration$JpaWebConfiguration : spring.jpa.open-in-view is enabled by default. Therefore, database queries may be performed during view rendering. Explicitly configure spring.jpa.open-in-view to disable this warning
2021-09-17 15:47:34.176  INFO 441138 --- [main] o.s.b.a.e.web.EndpointLinksResolver      : Exposing 16 endpoint(s) beneath base path '/actuator'
2021-09-17 15:47:34.230  INFO 441138 --- [main] fr.dsirc.demo.batch.config.JobConfig     : ### JobConfig.step1(): start
2021-09-17 15:47:34.230  INFO 441138 --- [main] fr.dsirc.demo.batch.config.JobConfig     : ### JobConfig.workerStep()(): workerStep start
2021-09-17 15:47:34.237  INFO 441138 --- [main] fr.dsirc.demo.batch.config.JobConfig     : ### JobConfig.partitionJob(): job partitionedJob
2021-09-17 15:47:34.250  INFO 441138 --- [main] pertySourcedRequestMappingHandlerMapping : Mapped URL path [/v2/api-docs] onto method [springfox.documentation.swagger2.web.Swagger2Controller#getDocumentation(String, HttpServletRequest)]
2021-09-17 15:47:34.381  WARN 441138 --- [main] o.s.b.a.batch.JpaBatchConfigurer         : JPA does not support custom isolation levels, so locks may not be taken when launching Jobs
2021-09-17 15:47:34.382  INFO 441138 --- [main] o.s.b.c.r.s.JobRepositoryFactoryBean     : No database type set, using meta data indicating: POSTGRES
2021-09-17 15:47:34.388  INFO 441138 --- [main] o.s.b.c.l.support.SimpleJobLauncher      : No TaskExecutor has been set, defaulting to synchronous executor.
2021-09-17 15:47:34.466  INFO 441138 --- [main] o.s.i.endpoint.EventDrivenConsumer       : Adding {logging-channel-adapter:_org.springframework.integration.errorLogger} as a subscriber to the 'errorChannel' channel
2021-09-17 15:47:34.466  INFO 441138 --- [main] o.s.i.channel.PublishSubscribeChannel    : Channel 'application.errorChannel' has 1 subscriber(s).
2021-09-17 15:47:34.466  INFO 441138 --- [main] o.s.i.endpoint.EventDrivenConsumer       : started bean '_org.springframework.integration.errorLogger'
2021-09-17 15:47:34.559  INFO 441138 --- [main] o.s.b.w.embedded.tomcat.TomcatWebServer  : Tomcat started on port(s): 8080 (http) with context path ''
2021-09-17 15:47:34.560  INFO 441138 --- [main] d.s.w.p.DocumentationPluginsBootstrapper : Context refreshed
2021-09-17 15:47:34.568  INFO 441138 --- [main] d.s.w.p.DocumentationPluginsBootstrapper : Found 1 custom documentation plugin(s)
2021-09-17 15:47:34.586  INFO 441138 --- [main] s.d.s.w.s.ApiListingReferenceScanner     : Scanning for api listing references
2021-09-17 15:47:34.655  INFO 441138 --- [main] fr.dsirc.demo.batch.DemoJobApplication   : Started DemoJobApplication in 2.946 seconds (JVM running for 3.16)
2021-09-17 15:47:50.220  INFO 441138 --- [SpringApplicationShutdownHook] o.s.i.endpoint.EventDrivenConsumer       : Removing {logging-channel-adapter:_org.springframework.integration.errorLogger} as a subscriber to the 'errorChannel' channel
2021-09-17 15:47:50.221  INFO 441138 --- [SpringApplicationShutdownHook] o.s.i.channel.PublishSubscribeChannel    : Channel 'application.errorChannel' has 0 subscriber(s).
2021-09-17 15:47:50.221  INFO 441138 --- [SpringApplicationShutdownHook] o.s.i.endpoint.EventDrivenConsumer       : stopped bean '_org.springframework.integration.errorLogger'
2021-09-17 15:47:50.225  INFO 441138 --- [SpringApplicationShutdownHook] j.LocalContainerEntityManagerFactoryBean : Closing JPA EntityManagerFactory for persistence unit 'default'
2021-09-17 15:47:50.242  INFO 441138 --- [SpringApplicationShutdownHook] com.zaxxer.hikari.HikariDataSource       : HikariPool-1 - Shutdown initiated...
2021-09-17 15:47:50.248  INFO 441138 --- [SpringApplicationShutdownHook] com.zaxxer.hikari.HikariDataSource       : HikariPool-1 - Shutdown completed.
2021-09-17 15:48:58.806  INFO 441493 --- [main] fr.dsirc.demo.batch.DemoJobApplication   : Starting DemoJobApplication using Java 11.0.9 on nicolas-XPS-15-9570 with PID 441493 (/home/nicolas/IdeaProjects/demo/demo-job/target/classes started by nicolas in /home/nicolas/IdeaProjects/demo/demo-job)
2021-09-17 15:48:58.807  INFO 441493 --- [main] fr.dsirc.demo.batch.DemoJobApplication   : No active profile set, falling back to default profiles: default
2021-09-17 15:48:59.266  INFO 441493 --- [main] .s.d.r.c.RepositoryConfigurationDelegate : Bootstrapping Spring Data JPA repositories in DEFAULT mode.
2021-09-17 15:48:59.297  INFO 441493 --- [main] .s.d.r.c.RepositoryConfigurationDelegate : Finished Spring Data repository scanning in 27 ms. Found 1 JPA repository interfaces.
2021-09-17 15:48:59.603  INFO 441493 --- [main] faultConfiguringBeanFactoryPostProcessor : No bean named 'errorChannel' has been explicitly defined. Therefore, a default PublishSubscribeChannel will be created.
2021-09-17 15:48:59.608  INFO 441493 --- [main] faultConfiguringBeanFactoryPostProcessor : No bean named 'integrationHeaderChannelRegistry' has been explicitly defined. Therefore, a default DefaultHeaderChannelRegistry will be created.
2021-09-17 15:48:59.665  INFO 441493 --- [main] trationDelegate$BeanPostProcessorChecker : Bean 'org.springframework.integration.config.IntegrationManagementConfiguration' of type [org.springframework.integration.config.IntegrationManagementConfiguration] is not eligible for getting processed by all BeanPostProcessors (for example: not eligible for auto-proxying)
2021-09-17 15:48:59.668  INFO 441493 --- [main] trationDelegate$BeanPostProcessorChecker : Bean 'integrationChannelResolver' of type [org.springframework.integration.support.channel.BeanFactoryChannelResolver] is not eligible for getting processed by all BeanPostProcessors (for example: not eligible for auto-proxying)
2021-09-17 15:48:59.669  INFO 441493 --- [main] trationDelegate$BeanPostProcessorChecker : Bean 'integrationDisposableAutoCreatedBeans' of type [org.springframework.integration.config.annotation.Disposables] is not eligible for getting processed by all BeanPostProcessors (for example: not eligible for auto-proxying)
2021-09-17 15:48:59.685  INFO 441493 --- [main] trationDelegate$BeanPostProcessorChecker : Bean 'org.springframework.cloud.task.batch.configuration.TaskBatchAutoConfiguration' of type [org.springframework.cloud.task.batch.configuration.TaskBatchAutoConfiguration$$EnhancerBySpringCGLIB$$ad3716d8] is not eligible for getting processed by all BeanPostProcessors (for example: not eligible for auto-proxying)
2021-09-17 15:48:59.690  INFO 441493 --- [main] trationDelegate$BeanPostProcessorChecker : Bean 'org.springframework.cloud.task.batch.listener.BatchEventAutoConfiguration' of type [org.springframework.cloud.task.batch.listener.BatchEventAutoConfiguration$$EnhancerBySpringCGLIB$$f58d20db] is not eligible for getting processed by all BeanPostProcessors (for example: not eligible for auto-proxying)
2021-09-17 15:48:59.816  INFO 441493 --- [main] o.s.b.w.embedded.tomcat.TomcatWebServer  : Tomcat initialized with port(s): 8080 (http)
2021-09-17 15:48:59.821  INFO 441493 --- [main] o.apache.catalina.core.StandardService   : Starting service [Tomcat]
2021-09-17 15:48:59.821  INFO 441493 --- [main] org.apache.catalina.core.StandardEngine  : Starting Servlet engine: [Apache Tomcat/9.0.52]
2021-09-17 15:48:59.872  INFO 441493 --- [main] o.a.c.c.C.[Tomcat].[localhost].[/]       : Initializing Spring embedded WebApplicationContext
2021-09-17 15:48:59.872  INFO 441493 --- [main] w.s.c.ServletWebServerApplicationContext : Root WebApplicationContext: initialization completed in 1040 ms
2021-09-17 15:49:00.003  INFO 441493 --- [main] com.zaxxer.hikari.HikariDataSource       : HikariPool-1 - Starting...
2021-09-17 15:49:00.043  INFO 441493 --- [main] com.zaxxer.hikari.HikariDataSource       : HikariPool-1 - Start completed.
2021-09-17 15:49:00.086  INFO 441493 --- [main] o.hibernate.jpa.internal.util.LogHelper  : HHH000204: Processing PersistenceUnitInfo [name: default]
2021-09-17 15:49:00.105  INFO 441493 --- [main] org.hibernate.Version                    : HHH000412: Hibernate ORM core version 5.4.32.Final
2021-09-17 15:49:00.155  INFO 441493 --- [main] o.hibernate.annotations.common.Version   : HCANN000001: Hibernate Commons Annotations {5.1.2.Final}
2021-09-17 15:49:00.201  INFO 441493 --- [main] org.hibernate.dialect.Dialect            : HHH000400: Using dialect: org.hibernate.dialect.PostgreSQLDialect
2021-09-17 15:49:00.518  WARN 441493 --- [main] o.h.engine.jdbc.spi.SqlExceptionHelper   : SQL Warning Code: 0, SQLState: 00000
2021-09-17 15:49:00.518  WARN 441493 --- [main] o.h.engine.jdbc.spi.SqlExceptionHelper   : table "addresses" does not exist, skipping
2021-09-17 15:49:00.518  WARN 441493 --- [main] o.h.engine.jdbc.spi.SqlExceptionHelper   : SQL Warning Code: 0, SQLState: 00000
2021-09-17 15:49:00.518  WARN 441493 --- [main] o.h.engine.jdbc.spi.SqlExceptionHelper   : table "individuals" does not exist, skipping
2021-09-17 15:49:00.519  WARN 441493 --- [main] o.h.engine.jdbc.spi.SqlExceptionHelper   : SQL Warning Code: 0, SQLState: 00000
2021-09-17 15:49:00.519  WARN 441493 --- [main] o.h.engine.jdbc.spi.SqlExceptionHelper   : table "pensions" does not exist, skipping
2021-09-17 15:49:00.519  WARN 441493 --- [main] o.h.engine.jdbc.spi.SqlExceptionHelper   : SQL Warning Code: 0, SQLState: 00000
2021-09-17 15:49:00.519  WARN 441493 --- [main] o.h.engine.jdbc.spi.SqlExceptionHelper   : sequence "addresses_seq" does not exist, skipping
2021-09-17 15:49:00.519  WARN 441493 --- [main] o.h.engine.jdbc.spi.SqlExceptionHelper   : SQL Warning Code: 0, SQLState: 00000
2021-09-17 15:49:00.519  WARN 441493 --- [main] o.h.engine.jdbc.spi.SqlExceptionHelper   : sequence "individuals_seq" does not exist, skipping
2021-09-17 15:49:00.520  WARN 441493 --- [main] o.h.engine.jdbc.spi.SqlExceptionHelper   : SQL Warning Code: 0, SQLState: 00000
2021-09-17 15:49:00.520  WARN 441493 --- [main] o.h.engine.jdbc.spi.SqlExceptionHelper   : sequence "pensions_seq" does not exist, skipping
2021-09-17 15:49:00.566  INFO 441493 --- [main] o.h.e.t.j.p.i.JtaPlatformInitiator       : HHH000490: Using JtaPlatform implementation: [org.hibernate.engine.transaction.jta.platform.internal.NoJtaPlatform]
2021-09-17 15:49:00.582  INFO 441493 --- [main] j.LocalContainerEntityManagerFactoryBean : Initialized JPA EntityManagerFactory for persistence unit 'default'
2021-09-17 15:49:00.926  WARN 441493 --- [main] JpaBaseConfiguration$JpaWebConfiguration : spring.jpa.open-in-view is enabled by default. Therefore, database queries may be performed during view rendering. Explicitly configure spring.jpa.open-in-view to disable this warning
2021-09-17 15:49:01.047  INFO 441493 --- [main] o.s.b.a.e.web.EndpointLinksResolver      : Exposing 16 endpoint(s) beneath base path '/actuator'
2021-09-17 15:49:01.101  INFO 441493 --- [main] fr.dsirc.demo.batch.config.JobConfig     : ### JobConfig.step1(): start
2021-09-17 15:49:01.101  INFO 441493 --- [main] fr.dsirc.demo.batch.config.JobConfig     : ### JobConfig.workerStep()(): workerStep start
2021-09-17 15:49:01.108  INFO 441493 --- [main] fr.dsirc.demo.batch.config.JobConfig     : ### JobConfig.partitionJob(): job partitionedJob
2021-09-17 15:49:01.121  INFO 441493 --- [main] pertySourcedRequestMappingHandlerMapping : Mapped URL path [/v2/api-docs] onto method [springfox.documentation.swagger2.web.Swagger2Controller#getDocumentation(String, HttpServletRequest)]
2021-09-17 15:49:01.249  WARN 441493 --- [main] o.s.b.a.batch.JpaBatchConfigurer         : JPA does not support custom isolation levels, so locks may not be taken when launching Jobs
2021-09-17 15:49:01.250  INFO 441493 --- [main] o.s.b.c.r.s.JobRepositoryFactoryBean     : No database type set, using meta data indicating: POSTGRES
2021-09-17 15:49:01.256  INFO 441493 --- [main] o.s.b.c.l.support.SimpleJobLauncher      : No TaskExecutor has been set, defaulting to synchronous executor.
2021-09-17 15:49:01.335  INFO 441493 --- [main] o.s.i.endpoint.EventDrivenConsumer       : Adding {logging-channel-adapter:_org.springframework.integration.errorLogger} as a subscriber to the 'errorChannel' channel
2021-09-17 15:49:01.336  INFO 441493 --- [main] o.s.i.channel.PublishSubscribeChannel    : Channel 'application.errorChannel' has 1 subscriber(s).
2021-09-17 15:49:01.336  INFO 441493 --- [main] o.s.i.endpoint.EventDrivenConsumer       : started bean '_org.springframework.integration.errorLogger'
2021-09-17 15:49:01.433  INFO 441493 --- [main] o.s.b.w.embedded.tomcat.TomcatWebServer  : Tomcat started on port(s): 8080 (http) with context path ''
2021-09-17 15:49:01.434  INFO 441493 --- [main] d.s.w.p.DocumentationPluginsBootstrapper : Context refreshed
2021-09-17 15:49:01.445  INFO 441493 --- [main] d.s.w.p.DocumentationPluginsBootstrapper : Found 1 custom documentation plugin(s)
2021-09-17 15:49:01.464  INFO 441493 --- [main] s.d.s.w.s.ApiListingReferenceScanner     : Scanning for api listing references
2021-09-17 15:49:01.532  INFO 441493 --- [main] fr.dsirc.demo.batch.DemoJobApplication   : Started DemoJobApplication in 2.942 seconds (JVM running for 3.158)
2021-09-17 15:49:01.557  INFO 441493 --- [main] o.s.b.a.b.JobLauncherApplicationRunner   : Running default command line with: []
2021-09-17 15:49:01.579  INFO 441493 --- [main] o.s.b.c.l.support.SimpleJobLauncher      : Job: [SimpleJob: [name=partitionedJob]] launched with the following parameters: [{run.id=1}]
2021-09-17 15:49:01.585  INFO 441493 --- [main] o.s.c.t.b.l.TaskBatchExecutionListener   : The job execution id 1 was run within the task execution 3
2021-09-17 15:49:01.595  INFO 441493 --- [main] o.s.batch.core.job.SimpleStepHandler     : Executing step: [step1]
2021-09-17 15:49:01.602  INFO 441493 --- [main] fr.dsirc.demo.batch.config.JobConfig     : ### JobConfig.partitionHandler(): Entry stepExecution step1
2021-09-17 15:49:01.603  INFO 441493 --- [main] fr.dsirc.demo.batch.config.JobConfig     : ### JobConfig.partitionHandler(): workerStepName workerStep
2021-09-17 15:49:01.606  INFO 441493 --- [main] fr.dsirc.demo.batch.config.JobConfig     : ### JobConfig.partitionHandler(): taskExecution application
2021-09-17 15:49:01.607  INFO 441493 --- [main] fr.dsirc.demo.batch.config.JobConfig     : ### JobConfig.partitionHandler(): Exit
2021-09-17 15:49:01.736  INFO 441493 --- [main] o.s.c.d.spi.local.LocalTaskLauncher      : Preparing to run an application from URL [file:/demo-job.jar]. This may take some time if the artifact must be downloaded from a remote host.
2021-09-17 15:49:01.741  INFO 441493 --- [main] o.s.c.d.spi.local.LocalTaskLauncher      : Command to be executed: /usr/lib/jvm/java-11-oracle/bin/java -jar /demo-job.jar --spring.profiles.active=worker --spring.cloud.task.initialize-enabled=false --spring.batch.initializer.enabled=false --spring.cloud.task.job-execution-id=1 --spring.cloud.task.step-execution-id=3 --spring.cloud.task.step-name=workerStep --spring.cloud.task.name=application_partitionedJob_workerStep:partition1 --spring.cloud.task.parentExecutionId=3 --spring.cloud.task.executionid=4
2021-09-17 15:49:01.766  INFO 441493 --- [main] o.s.c.d.spi.local.LocalTaskLauncher      : launching task PartitionedBatchJobTask-a8af257e-f4f6-466d-ad8e-d8dff22469eb
   Logs will be in /tmp/106014297681397/PartitionedBatchJobTask-a8af257e-f4f6-466d-ad8e-d8dff22469eb
2021-09-17 15:49:01.881  INFO 441493 --- [main] o.s.c.d.spi.local.LocalTaskLauncher      : Preparing to run an application from URL [file:/demo-job.jar]. This may take some time if the artifact must be downloaded from a remote host.
2021-09-17 15:49:01.884  INFO 441493 --- [main] o.s.c.d.spi.local.LocalTaskLauncher      : Command to be executed: /usr/lib/jvm/java-11-oracle/bin/java -jar /demo-job.jar --spring.profiles.active=worker --spring.cloud.task.initialize-enabled=false --spring.batch.initializer.enabled=false --spring.cloud.task.job-execution-id=1 --spring.cloud.task.step-execution-id=2 --spring.cloud.task.step-name=workerStep --spring.cloud.task.name=application_partitionedJob_workerStep:partition0 --spring.cloud.task.parentExecutionId=3 --spring.cloud.task.executionid=5
2021-09-17 15:49:01.888  INFO 441493 --- [main] o.s.c.d.spi.local.LocalTaskLauncher      : launching task PartitionedBatchJobTask-fe7735f7-2ecf-49f9-aae7-9213b18dcbb5
   Logs will be in /tmp/106014450494132/PartitionedBatchJobTask-fe7735f7-2ecf-49f9-aae7-9213b18dcbb5
2021-09-17 15:53:53.287  INFO 441493 --- [SpringApplicationShutdownHook] o.s.i.endpoint.EventDrivenConsumer       : Removing {logging-channel-adapter:_org.springframework.integration.errorLogger} as a subscriber to the 'errorChannel' channel
2021-09-17 15:53:53.290  INFO 441493 --- [SpringApplicationShutdownHook] o.s.i.channel.PublishSubscribeChannel    : Channel 'application.errorChannel' has 0 subscriber(s).
2021-09-17 15:53:53.291  INFO 441493 --- [SpringApplicationShutdownHook] o.s.i.endpoint.EventDrivenConsumer       : stopped bean '_org.springframework.integration.errorLogger'
2021-09-17 15:53:53.312  INFO 441493 --- [SpringApplicationShutdownHook] j.LocalContainerEntityManagerFactoryBean : Closing JPA EntityManagerFactory for persistence unit 'default'
2021-09-17 15:53:53.348  INFO 441493 --- [SpringApplicationShutdownHook] com.zaxxer.hikari.HikariDataSource       : HikariPool-1 - Shutdown initiated...
2021-09-17 15:53:53.363  INFO 441493 --- [SpringApplicationShutdownHook] com.zaxxer.hikari.HikariDataSource       : HikariPool-1 - Shutdown completed.
